<?xml version="1.0" encoding="UTF-8"?>
<robot generator="Robot 7.0 (Python 3.11.5 on win32)" generated="2024-07-31T10:02:23.787076" rpa="false" schemaversion="5">
<suite id="s1" name="Create Article Good Return" source="c:\Automate_WEB\Clone_Article\testcases\Create_Article_Good_Return.robot">
<test id="s1-t1" name="Create Article Good Return" line="11">
<kw name="Login dohome and click web art(Create)" owner="common_art" type="SETUP">
<kw name="Open browser web url" owner="common_art">
<kw name="Open Browser" owner="SeleniumLibrary">
<msg time="2024-07-31T10:02:24.120740" level="INFO">Opening browser 'chrome' to base url 'https://web-dohome-center-uat.dohome.technology/app/home'.</msg>
<msg time="2024-07-31T10:02:24.527476" level="WARN">The chromedriver version (127.0.6533.72) detected in PATH at C:\Users\saknarin.som\AppData\Local\Programs\Python\Python311\Scripts\chromedriver.exe might not be compatible with the detected chrome version (127.0.6533.72); currently, chromedriver 127.0.6533.88 is recommended for chrome 127.*, so it is advised to delete the driver in PATH and retry</msg>
<arg>${url}</arg>
<arg>browser=${browserName}</arg>
<arg>options=binary_location=r"C:\\chrome-win64\\chrome.exe"</arg>
<doc>Opens a new browser instance to the optional ``url``.</doc>
<status status="PASS" start="2024-07-31T10:02:24.120740" elapsed="2.102673"/>
</kw>
<arg>${url_dohome}</arg>
<arg>chrome</arg>
<status status="PASS" start="2024-07-31T10:02:24.120740" elapsed="2.102673"/>
</kw>
<kw name="Maximize Browser Window" owner="SeleniumLibrary">
<doc>Maximizes current browser window.</doc>
<status status="PASS" start="2024-07-31T10:02:26.225013" elapsed="0.055982"/>
</kw>
<kw name="Wait Until Keyword Succeeds" owner="BuiltIn">
<kw name="Wait Until Element Contains" owner="SeleniumLibrary">
<arg>//button[text()='เข้าสู่ระบบ']</arg>
<arg>เข้าสู่ระบบ</arg>
<doc>Waits until the element ``locator`` contains ``text``.</doc>
<status status="PASS" start="2024-07-31T10:02:26.282995" elapsed="0.909645"/>
</kw>
<arg>5x</arg>
<arg>2s</arg>
<arg>Wait Until Element Contains</arg>
<arg>//button[text()='เข้าสู่ระบบ']</arg>
<arg>เข้าสู่ระบบ</arg>
<doc>Runs the specified keyword and retries if it fails.</doc>
<status status="PASS" start="2024-07-31T10:02:26.281995" elapsed="0.911644"/>
</kw>
<kw name="Wait Until Keyword Succeeds" owner="BuiltIn">
<kw name="Click Element with Delay" owner="common_art">
<kw name="Click Element" owner="SeleniumLibrary">
<msg time="2024-07-31T10:02:27.199167" level="INFO">Clicking element '//button[text()='เข้าสู่ระบบ']'.</msg>
<arg>${locator}</arg>
<doc>Click the element identified by ``locator``.</doc>
<status status="PASS" start="2024-07-31T10:02:27.198168" elapsed="0.249266"/>
</kw>
<kw name="Sleep" owner="BuiltIn">
<msg time="2024-07-31T10:02:28.448903" level="INFO">Slept 1 second.</msg>
<arg>1s</arg>
<doc>Pauses the test executed for the given time.</doc>
<status status="PASS" start="2024-07-31T10:02:27.447434" elapsed="1.001469"/>
</kw>
<arg>//button[text()='เข้าสู่ระบบ']</arg>
<status status="PASS" start="2024-07-31T10:02:27.196164" elapsed="1.252739"/>
</kw>
<arg>5x</arg>
<arg>2s</arg>
<arg>Click Element with Delay</arg>
<arg>//button[text()='เข้าสู่ระบบ']</arg>
<doc>Runs the specified keyword and retries if it fails.</doc>
<status status="PASS" start="2024-07-31T10:02:27.193639" elapsed="1.255264"/>
</kw>
<kw name="Wait Until Keyword Succeeds" owner="BuiltIn">
<kw name="Wait Until Element Contains" owner="SeleniumLibrary">
<arg>//*[@class="text-2xl text-primary font-bold"]</arg>
<arg>เข้าสู่ระบบ</arg>
<doc>Waits until the element ``locator`` contains ``text``.</doc>
<status status="PASS" start="2024-07-31T10:02:28.449999" elapsed="0.249464"/>
</kw>
<arg>5x</arg>
<arg>2s</arg>
<arg>Wait Until Element Contains</arg>
<arg>//*[@class="text-2xl text-primary font-bold"]</arg>
<arg>เข้าสู่ระบบ</arg>
<doc>Runs the specified keyword and retries if it fails.</doc>
<status status="PASS" start="2024-07-31T10:02:28.449999" elapsed="0.249464"/>
</kw>
<kw name="Wait Until Keyword Succeeds" owner="BuiltIn">
<kw name="Click Element with Delay" owner="common_art">
<kw name="Click Element" owner="SeleniumLibrary">
<msg time="2024-07-31T10:02:28.700463" level="INFO">Clicking element '//input[@name="username"]'.</msg>
<arg>${locator}</arg>
<doc>Click the element identified by ``locator``.</doc>
<status status="PASS" start="2024-07-31T10:02:28.700463" elapsed="0.039431"/>
</kw>
<kw name="Sleep" owner="BuiltIn">
<msg time="2024-07-31T10:02:29.741026" level="INFO">Slept 1 second.</msg>
<arg>1s</arg>
<doc>Pauses the test executed for the given time.</doc>
<status status="PASS" start="2024-07-31T10:02:28.740893" elapsed="1.000133"/>
</kw>
<arg>//input[@name="username"]</arg>
<status status="PASS" start="2024-07-31T10:02:28.699463" elapsed="1.042068"/>
</kw>
<arg>5x</arg>
<arg>2s</arg>
<arg>Click Element with Delay</arg>
<arg>//input[@name="username"]</arg>
<doc>Runs the specified keyword and retries if it fails.</doc>
<status status="PASS" start="2024-07-31T10:02:28.699463" elapsed="1.042068"/>
</kw>
<kw name="Wait Until Keyword Succeeds" owner="BuiltIn">
<kw name="Input Text with Delay" owner="common_art">
<kw name="Input Text" owner="SeleniumLibrary">
<msg time="2024-07-31T10:02:29.742533" level="INFO">Typing text '123456' into text field '//input[@name="username"]'.</msg>
<arg>${locator}</arg>
<arg>${text}</arg>
<doc>Types the given ``text`` into the text field identified by ``locator``.</doc>
<status status="PASS" start="2024-07-31T10:02:29.742533" elapsed="0.094939"/>
</kw>
<kw name="Sleep" owner="BuiltIn">
<msg time="2024-07-31T10:02:30.837587" level="INFO">Slept 1 second.</msg>
<arg>1s</arg>
<doc>Pauses the test executed for the given time.</doc>
<status status="PASS" start="2024-07-31T10:02:29.837472" elapsed="1.000115"/>
</kw>
<arg>//input[@name="username"]</arg>
<arg>${user_create}</arg>
<status status="PASS" start="2024-07-31T10:02:29.742533" elapsed="1.095561"/>
</kw>
<arg>5x</arg>
<arg>2s</arg>
<arg>Input Text with Delay</arg>
<arg>//input[@name="username"]</arg>
<arg>${user_create}</arg>
<doc>Runs the specified keyword and retries if it fails.</doc>
<status status="PASS" start="2024-07-31T10:02:29.741531" elapsed="1.096563"/>
</kw>
<kw name="Wait Until Keyword Succeeds" owner="BuiltIn">
<kw name="Click Element with Delay" owner="common_art">
<kw name="Click Element" owner="SeleniumLibrary">
<msg time="2024-07-31T10:02:30.839096" level="INFO">Clicking element '//input[@name="password"]'.</msg>
<arg>${locator}</arg>
<doc>Click the element identified by ``locator``.</doc>
<status status="PASS" start="2024-07-31T10:02:30.839096" elapsed="0.072493"/>
</kw>
<kw name="Sleep" owner="BuiltIn">
<msg time="2024-07-31T10:02:31.913090" level="INFO">Slept 1 second.</msg>
<arg>1s</arg>
<doc>Pauses the test executed for the given time.</doc>
<status status="PASS" start="2024-07-31T10:02:30.911589" elapsed="1.001501"/>
</kw>
<arg>//input[@name="password"]</arg>
<status status="PASS" start="2024-07-31T10:02:30.838094" elapsed="1.074996"/>
</kw>
<arg>5x</arg>
<arg>2s</arg>
<arg>Click Element with Delay</arg>
<arg>//input[@name="password"]</arg>
<doc>Runs the specified keyword and retries if it fails.</doc>
<status status="PASS" start="2024-07-31T10:02:30.838094" elapsed="1.074996"/>
</kw>
<kw name="Wait Until Keyword Succeeds" owner="BuiltIn">
<kw name="Input Text with Delay" owner="common_art">
<kw name="Input Text" owner="SeleniumLibrary">
<msg time="2024-07-31T10:02:31.914100" level="INFO">Typing text 'D0h0me*1' into text field '//input[@name="password"]'.</msg>
<arg>${locator}</arg>
<arg>${text}</arg>
<doc>Types the given ``text`` into the text field identified by ``locator``.</doc>
<status status="PASS" start="2024-07-31T10:02:31.914100" elapsed="0.072460"/>
</kw>
<kw name="Sleep" owner="BuiltIn">
<msg time="2024-07-31T10:02:32.988209" level="INFO">Slept 1 second.</msg>
<arg>1s</arg>
<doc>Pauses the test executed for the given time.</doc>
<status status="PASS" start="2024-07-31T10:02:31.986560" elapsed="1.001649"/>
</kw>
<arg>//input[@name="password"]</arg>
<arg>${pass}</arg>
<status status="PASS" start="2024-07-31T10:02:31.914100" elapsed="1.074109"/>
</kw>
<arg>5x</arg>
<arg>2s</arg>
<arg>Input Text with Delay</arg>
<arg>//input[@name="password"]</arg>
<arg>${pass}</arg>
<doc>Runs the specified keyword and retries if it fails.</doc>
<status status="PASS" start="2024-07-31T10:02:31.913090" elapsed="1.075119"/>
</kw>
<kw name="Wait Until Keyword Succeeds" owner="BuiltIn">
<kw name="Click Element with Delay" owner="common_art">
<kw name="Click Element" owner="SeleniumLibrary">
<msg time="2024-07-31T10:02:32.990211" level="INFO">Clicking element '//button[@type="submit"][ text()='เข้าสู่ระบบ']'.</msg>
<arg>${locator}</arg>
<doc>Click the element identified by ``locator``.</doc>
<status status="PASS" start="2024-07-31T10:02:32.989211" elapsed="0.061293"/>
</kw>
<kw name="Sleep" owner="BuiltIn">
<msg time="2024-07-31T10:02:34.052390" level="INFO">Slept 1 second.</msg>
<arg>1s</arg>
<doc>Pauses the test executed for the given time.</doc>
<status status="PASS" start="2024-07-31T10:02:33.050504" elapsed="1.001886"/>
</kw>
<arg>//button[@type="submit"][ text()='เข้าสู่ระบบ']</arg>
<status status="PASS" start="2024-07-31T10:02:32.989211" elapsed="1.063179"/>
</kw>
<arg>5x</arg>
<arg>2s</arg>
<arg>Click Element with Delay</arg>
<arg>//button[@type="submit"][ text()='เข้าสู่ระบบ']</arg>
<doc>Runs the specified keyword and retries if it fails.</doc>
<status status="PASS" start="2024-07-31T10:02:32.989211" elapsed="1.063179"/>
</kw>
<kw name="Wait Until Keyword Succeeds" owner="BuiltIn">
<kw name="Click Element with Delay" owner="common_art">
<kw name="Click Element" owner="SeleniumLibrary">
<msg time="2024-07-31T10:02:34.053473" level="INFO">Clicking element '//*[@aria-label="ระบบจัดการข้อมูลสินค้า"]'.</msg>
<msg time="2024-07-31T10:02:35.688522" level="INFO" html="true">&lt;/td&gt;&lt;/tr&gt;&lt;tr&gt;&lt;td colspan="3"&gt;&lt;a href="selenium-screenshot-26.png"&gt;&lt;img src="selenium-screenshot-26.png" width="800px"&gt;&lt;/a&gt;</msg>
<msg time="2024-07-31T10:02:35.688522" level="FAIL">ElementClickInterceptedException: Message: element click intercepted: Element &lt;a class="relative inline-flex items-center tap-highlight-transparent outline-none data-[focus-visible=true]:z-10 data-[focus-visible=true]:outline-2 data-[focus-visible=true]:outline-focus data-[focus-visible=true]:outline-offset-2 no-underline hover:opacity-80 active:opacity-disabled transition-opacity text-xs line-clamp-1 text-primary" aria-label="ระบบจัดการข้อมูลสินค้า" role="link" href="https://web-article-master-uat.dohome.technology/?i=10745e6f1a2ae11c07367e3fb4a04a5560087d66fdce87f783b9f03cd32f9f4foIUyA53WZ9fjXJqEpDMWIqVC8KghbE4pOft517EPImlDLYi5sHFTz2htVqI2PGOTfbnJJRyWteDHs0QKD7/luuW6fm3AC8ceupFmOe58LJcbCVNEo/mUDrFVq7g4LGtGzV9bomJ93eBa028beN82A2yCqEhYBKecPwSgxYB16qrLGVswSzi/XzcK4ohEpjTU2zChUi+pFl7pU2pr6DKFRFU9FubATpE4R76e6udKaKDv8HHXeyq4IrGSkgaJPazw+JqKegYA+D8Ymj2lHBDYENUmnHLeudcm2TyXFZNhG3AnnDMsGN3v38OGbLopdL5CgYnnUEsnZK5pGKNOrXbSff06ZnDrhdBmgbIAMTVowi1+GoSmI4B1z3Fk8zfQlVjEuqlFmkv0dmVF9NNBNkdW2gPaS/mfFon5mFGvdNDo35kwFbS3uPKxJSRegI17DxPW" target="_blank" tabindex="0"&gt;...&lt;/a&gt; is not clickable at point (951, 832). Other element would receive the click: &lt;div class="flex w-screen h-[100dvh] fixed inset-0 z-50 overflow-x-auto justify-center [--scale-enter:100%] [--scale-exit:100%] [--slide-enter:0px] [--slide-exit:80px] sm:[--scale-enter:100%] sm:[--scale-exit:103%] sm:[--slide-enter:0px] sm:[--slide-exit:0px] items-end sm:items-center" style="opacity: 1; transform: translateY(0px) scale(1.00498) translateZ(0px);"&gt;...&lt;/div&gt;
  (Session info: chrome=127.0.6533.72)
Stacktrace:
	GetHandleVerifier [0x00007FF60F249632+30946]
	(No symbol) [0x00007FF60F1FE3C9]
	(No symbol) [0x00007FF60F0F6FDA]
	(No symbol) [0x00007FF60F14FEEE]
	(No symbol) [0x00007FF60F14D962]
	(No symbol) [0x00007FF60F14AE7B]
	(No symbol) [0x00007FF60F14A095]
	(No symbol) [0x00007FF60F13C271]
	(No symbol) [0x00007FF60F16CA6A]
	(No symbol) [0x00007FF60F13BBB6]
	(No symbol) [0x00007FF60F16CC80]
	(No symbol) [0x00007FF60F18B041]
	(No symbol) [0x00007FF60F16C813]
	(No symbol) [0x00007FF60F13A6E5]
	(No symbol) [0x00007FF60F13B021]
	GetHandleVerifier [0x00007FF60F37F83D+1301229]
	GetHandleVerifier [0x00007FF60F38BDB7+1351783]
	GetHandleVerifier [0x00007FF60F382A03+1313971]
	GetHandleVerifier [0x00007FF60F27DD06+245686]
	(No symbol) [0x00007FF60F20758F]
	(No symbol) [0x00007FF60F203804]
	(No symbol) [0x00007FF60F203992]
	(No symbol) [0x00007FF60F1FA3EF]
	BaseThreadInitThunk [0x00007FFEB4C2257D+29]
	RtlUserThreadStart [0x00007FFEB644AF28+40]
</msg>
<arg>${locator}</arg>
<doc>Click the element identified by ``locator``.</doc>
<status status="FAIL" start="2024-07-31T10:02:34.053473" elapsed="1.639596">ElementClickInterceptedException: Message: element click intercepted: Element &lt;a class="relative inline-flex items-center tap-highlight-transparent outline-none data-[focus-visible=true]:z-10 data-[focus-visible=true]:outline-2 data-[focus-visible=true]:outline-focus data-[focus-visible=true]:outline-offset-2 no-underline hover:opacity-80 active:opacity-disabled transition-opacity text-xs line-clamp-1 text-primary" aria-label="ระบบจัดการข้อมูลสินค้า" role="link" href="https://web-article-master-uat.dohome.technology/?i=10745e6f1a2ae11c07367e3fb4a04a5560087d66fdce87f783b9f03cd32f9f4foIUyA53WZ9fjXJqEpDMWIqVC8KghbE4pOft517EPImlDLYi5sHFTz2htVqI2PGOTfbnJJRyWteDHs0QKD7/luuW6fm3AC8ceupFmOe58LJcbCVNEo/mUDrFVq7g4LGtGzV9bomJ93eBa028beN82A2yCqEhYBKecPwSgxYB16qrLGVswSzi/XzcK4ohEpjTU2zChUi+pFl7pU2pr6DKFRFU9FubATpE4R76e6udKaKDv8HHXeyq4IrGSkgaJPazw+JqKegYA+D8Ymj2lHBDYENUmnHLeudcm2TyXFZNhG3AnnDMsGN3v38OGbLopdL5CgYnnUEsnZK5pGKNOrXbSff06ZnDrhdBmgbIAMTVowi1+GoSmI4B1z3Fk8zfQlVjEuqlFmkv0dmVF9NNBNkdW2gPaS/mfFon5mFGvdNDo35kwFbS3uPKxJSRegI17DxPW" target="_blank" tabindex="0"&gt;...&lt;/a&gt; is not clickable at point (951, 832). Other element would receive the click: &lt;div class="flex w-screen h-[100dvh] fixed inset-0 z-50 overflow-x-auto justify-center [--scale-enter:100%] [--scale-exit:100%] [--slide-enter:0px] [--slide-exit:80px] sm:[--scale-enter:100%] sm:[--scale-exit:103%] sm:[--slide-enter:0px] sm:[--slide-exit:0px] items-end sm:items-center" style="opacity: 1; transform: translateY(0px) scale(1.00498) translateZ(0px);"&gt;...&lt;/div&gt;
    [ Message content over the limit has been removed. ]
	(No symbol) [0x00007FF60F14AE7B]
	(No symbol) [0x00007FF60F14A095]
	(No symbol) [0x00007FF60F13C271]
	(No symbol) [0x00007FF60F16CA6A]
	(No symbol) [0x00007FF60F13BBB6]
	(No symbol) [0x00007FF60F16CC80]
	(No symbol) [0x00007FF60F18B041]
	(No symbol) [0x00007FF60F16C813]
	(No symbol) [0x00007FF60F13A6E5]
	(No symbol) [0x00007FF60F13B021]
	GetHandleVerifier [0x00007FF60F37F83D+1301229]
	GetHandleVerifier [0x00007FF60F38BDB7+1351783]
	GetHandleVerifier [0x00007FF60F382A03+1313971]
	GetHandleVerifier [0x00007FF60F27DD06+245686]
	(No symbol) [0x00007FF60F20758F]
	(No symbol) [0x00007FF60F203804]
	(No symbol) [0x00007FF60F203992]
	(No symbol) [0x00007FF60F1FA3EF]
	BaseThreadInitThunk [0x00007FFEB4C2257D+29]
	RtlUserThreadStart [0x00007FFEB644AF28+40]</status>
</kw>
<kw name="Sleep" owner="BuiltIn">
<arg>1s</arg>
<doc>Pauses the test executed for the given time.</doc>
<status status="NOT RUN" start="2024-07-31T10:02:35.693069" elapsed="0.000000"/>
</kw>
<arg>//*[@aria-label="ระบบจัดการข้อมูลสินค้า"]</arg>
<status status="FAIL" start="2024-07-31T10:02:34.052390" elapsed="1.641679">ElementClickInterceptedException: Message: element click intercepted: Element &lt;a class="relative inline-flex items-center tap-highlight-transparent outline-none data-[focus-visible=true]:z-10 data-[focus-visible=true]:outline-2 data-[focus-visible=true]:outline-focus data-[focus-visible=true]:outline-offset-2 no-underline hover:opacity-80 active:opacity-disabled transition-opacity text-xs line-clamp-1 text-primary" aria-label="ระบบจัดการข้อมูลสินค้า" role="link" href="https://web-article-master-uat.dohome.technology/?i=10745e6f1a2ae11c07367e3fb4a04a5560087d66fdce87f783b9f03cd32f9f4foIUyA53WZ9fjXJqEpDMWIqVC8KghbE4pOft517EPImlDLYi5sHFTz2htVqI2PGOTfbnJJRyWteDHs0QKD7/luuW6fm3AC8ceupFmOe58LJcbCVNEo/mUDrFVq7g4LGtGzV9bomJ93eBa028beN82A2yCqEhYBKecPwSgxYB16qrLGVswSzi/XzcK4ohEpjTU2zChUi+pFl7pU2pr6DKFRFU9FubATpE4R76e6udKaKDv8HHXeyq4IrGSkgaJPazw+JqKegYA+D8Ymj2lHBDYENUmnHLeudcm2TyXFZNhG3AnnDMsGN3v38OGbLopdL5CgYnnUEsnZK5pGKNOrXbSff06ZnDrhdBmgbIAMTVowi1+GoSmI4B1z3Fk8zfQlVjEuqlFmkv0dmVF9NNBNkdW2gPaS/mfFon5mFGvdNDo35kwFbS3uPKxJSRegI17DxPW" target="_blank" tabindex="0"&gt;...&lt;/a&gt; is not clickable at point (951, 832). Other element would receive the click: &lt;div class="flex w-screen h-[100dvh] fixed inset-0 z-50 overflow-x-auto justify-center [--scale-enter:100%] [--scale-exit:100%] [--slide-enter:0px] [--slide-exit:80px] sm:[--scale-enter:100%] sm:[--scale-exit:103%] sm:[--slide-enter:0px] sm:[--slide-exit:0px] items-end sm:items-center" style="opacity: 1; transform: translateY(0px) scale(1.00498) translateZ(0px);"&gt;...&lt;/div&gt;
    [ Message content over the limit has been removed. ]
	(No symbol) [0x00007FF60F14AE7B]
	(No symbol) [0x00007FF60F14A095]
	(No symbol) [0x00007FF60F13C271]
	(No symbol) [0x00007FF60F16CA6A]
	(No symbol) [0x00007FF60F13BBB6]
	(No symbol) [0x00007FF60F16CC80]
	(No symbol) [0x00007FF60F18B041]
	(No symbol) [0x00007FF60F16C813]
	(No symbol) [0x00007FF60F13A6E5]
	(No symbol) [0x00007FF60F13B021]
	GetHandleVerifier [0x00007FF60F37F83D+1301229]
	GetHandleVerifier [0x00007FF60F38BDB7+1351783]
	GetHandleVerifier [0x00007FF60F382A03+1313971]
	GetHandleVerifier [0x00007FF60F27DD06+245686]
	(No symbol) [0x00007FF60F20758F]
	(No symbol) [0x00007FF60F203804]
	(No symbol) [0x00007FF60F203992]
	(No symbol) [0x00007FF60F1FA3EF]
	BaseThreadInitThunk [0x00007FFEB4C2257D+29]
	RtlUserThreadStart [0x00007FFEB644AF28+40]</status>
</kw>
<kw name="Click Element with Delay" owner="common_art">
<kw name="Click Element" owner="SeleniumLibrary">
<msg time="2024-07-31T10:02:37.694968" level="INFO">Clicking element '//*[@aria-label="ระบบจัดการข้อมูลสินค้า"]'.</msg>
<arg>${locator}</arg>
<doc>Click the element identified by ``locator``.</doc>
<status status="PASS" start="2024-07-31T10:02:37.694968" elapsed="0.128351"/>
</kw>
<kw name="Sleep" owner="BuiltIn">
<msg time="2024-07-31T10:02:38.825177" level="INFO">Slept 1 second.</msg>
<arg>1s</arg>
<doc>Pauses the test executed for the given time.</doc>
<status status="PASS" start="2024-07-31T10:02:37.824825" elapsed="1.000352"/>
</kw>
<arg>//*[@aria-label="ระบบจัดการข้อมูลสินค้า"]</arg>
<status status="PASS" start="2024-07-31T10:02:37.694455" elapsed="1.131230"/>
</kw>
<arg>5x</arg>
<arg>2s</arg>
<arg>Click Element with Delay</arg>
<arg>//*[@aria-label="ระบบจัดการข้อมูลสินค้า"]</arg>
<doc>Runs the specified keyword and retries if it fails.</doc>
<status status="PASS" start="2024-07-31T10:02:34.052390" elapsed="4.773295"/>
</kw>
<kw name="Wait Until Keyword Succeeds" owner="BuiltIn">
<kw name="Switch Window" owner="SeleniumLibrary">
<arg>New</arg>
<doc>Switches to browser window matching ``locator``.</doc>
<status status="PASS" start="2024-07-31T10:02:38.825685" elapsed="0.008002"/>
</kw>
<arg>5x</arg>
<arg>2s</arg>
<arg>Switch Window</arg>
<arg>New</arg>
<doc>Runs the specified keyword and retries if it fails.</doc>
<status status="PASS" start="2024-07-31T10:02:38.825685" elapsed="0.008002"/>
</kw>
<kw name="Wait Until Keyword Succeeds" owner="BuiltIn">
<kw name="Wait Until Element Is Visible" owner="SeleniumLibrary">
<arg>//h3[text()="Article Master"]</arg>
<doc>Waits until the element ``locator`` is visible.</doc>
<status status="PASS" start="2024-07-31T10:02:38.835252" elapsed="14.234028"/>
</kw>
<arg>5x</arg>
<arg>2s</arg>
<arg>Wait Until Element Is Visible</arg>
<arg>//h3[text()="Article Master"]</arg>
<doc>Runs the specified keyword and retries if it fails.</doc>
<status status="PASS" start="2024-07-31T10:02:38.833687" elapsed="14.235593"/>
</kw>
<status status="PASS" start="2024-07-31T10:02:24.119740" elapsed="28.949540"/>
</kw>
<kw name="Create Article">
<kw name="Wait And Click Element" owner="common_art">
<kw name="Wait Until Keyword Succeeds" owner="BuiltIn">
<kw name="Click Element with Delay" owner="common_art">
<kw name="Click Element" owner="SeleniumLibrary">
<msg time="2024-07-31T10:02:53.079234" level="INFO">Clicking element '//p[text()='จัดการสินค้า']'.</msg>
<arg>${locator}</arg>
<doc>Click the element identified by ``locator``.</doc>
<status status="PASS" start="2024-07-31T10:02:53.078234" elapsed="0.168002"/>
</kw>
<kw name="Sleep" owner="BuiltIn">
<msg time="2024-07-31T10:02:54.246504" level="INFO">Slept 1 second.</msg>
<arg>1s</arg>
<doc>Pauses the test executed for the given time.</doc>
<status status="PASS" start="2024-07-31T10:02:53.246236" elapsed="1.000268"/>
</kw>
<arg>${locator}</arg>
<status status="PASS" start="2024-07-31T10:02:53.078234" elapsed="1.168270"/>
</kw>
<arg>5x</arg>
<arg>2s</arg>
<arg>Click Element with Delay</arg>
<arg>${locator}</arg>
<doc>Runs the specified keyword and retries if it fails.</doc>
<status status="PASS" start="2024-07-31T10:02:53.077234" elapsed="1.169270"/>
</kw>
<arg>//p[text()='จัดการสินค้า']</arg>
<status status="PASS" start="2024-07-31T10:02:53.077234" elapsed="1.169270"/>
</kw>
<kw name="Wait And Click Element" owner="common_art">
<kw name="Wait Until Keyword Succeeds" owner="BuiltIn">
<kw name="Click Element with Delay" owner="common_art">
<kw name="Click Element" owner="SeleniumLibrary">
<msg time="2024-07-31T10:02:54.248123" level="INFO">Clicking element '//p[text()='จัดการข้อมูลสินค้า']'.</msg>
<arg>${locator}</arg>
<doc>Click the element identified by ``locator``.</doc>
<status status="PASS" start="2024-07-31T10:02:54.247112" elapsed="0.060103"/>
</kw>
<kw name="Sleep" owner="BuiltIn">
<msg time="2024-07-31T10:02:55.308818" level="INFO">Slept 1 second.</msg>
<arg>1s</arg>
<doc>Pauses the test executed for the given time.</doc>
<status status="PASS" start="2024-07-31T10:02:54.307215" elapsed="1.001603"/>
</kw>
<arg>${locator}</arg>
<status status="PASS" start="2024-07-31T10:02:54.247112" elapsed="1.061706"/>
</kw>
<arg>5x</arg>
<arg>2s</arg>
<arg>Click Element with Delay</arg>
<arg>${locator}</arg>
<doc>Runs the specified keyword and retries if it fails.</doc>
<status status="PASS" start="2024-07-31T10:02:54.247112" elapsed="1.062765"/>
</kw>
<arg>//p[text()='จัดการข้อมูลสินค้า']</arg>
<status status="PASS" start="2024-07-31T10:02:54.247112" elapsed="1.062765"/>
</kw>
<kw name="Wait And Wait Until Element Is Visible" owner="common_art">
<kw name="Wait Until Keyword Succeeds" owner="BuiltIn">
<kw name="Wait Until Element Is Visible" owner="SeleniumLibrary">
<msg time="2024-07-31T10:03:00.646719" level="INFO" html="true">&lt;/td&gt;&lt;/tr&gt;&lt;tr&gt;&lt;td colspan="3"&gt;&lt;a href="selenium-screenshot-27.png"&gt;&lt;img src="selenium-screenshot-27.png" width="800px"&gt;&lt;/a&gt;</msg>
<msg time="2024-07-31T10:03:00.646719" level="FAIL">Element '//div[@class="dx-datagrid-text-content"][text()='วันที่สร้าง']' not visible after 5 seconds.</msg>
<arg>${locator}</arg>
<doc>Waits until the element ``locator`` is visible.</doc>
<status status="FAIL" start="2024-07-31T10:02:55.310921" elapsed="5.336806">Element '//div[@class="dx-datagrid-text-content"][text()='วันที่สร้าง']' not visible after 5 seconds.</status>
</kw>
<kw name="Wait Until Element Is Visible" owner="SeleniumLibrary">
<msg time="2024-07-31T10:03:07.981370" level="INFO" html="true">&lt;/td&gt;&lt;/tr&gt;&lt;tr&gt;&lt;td colspan="3"&gt;&lt;a href="selenium-screenshot-28.png"&gt;&lt;img src="selenium-screenshot-28.png" width="800px"&gt;&lt;/a&gt;</msg>
<msg time="2024-07-31T10:03:07.982284" level="FAIL">Element '//div[@class="dx-datagrid-text-content"][text()='วันที่สร้าง']' not visible after 5 seconds.</msg>
<arg>${locator}</arg>
<doc>Waits until the element ``locator`` is visible.</doc>
<status status="FAIL" start="2024-07-31T10:03:02.648101" elapsed="5.334183">Element '//div[@class="dx-datagrid-text-content"][text()='วันที่สร้าง']' not visible after 5 seconds.</status>
</kw>
<kw name="Wait Until Element Is Visible" owner="SeleniumLibrary">
<arg>${locator}</arg>
<doc>Waits until the element ``locator`` is visible.</doc>
<status status="PASS" start="2024-07-31T10:03:09.983762" elapsed="4.053705"/>
</kw>
<arg>5x</arg>
<arg>2s</arg>
<arg>Wait Until Element Is Visible</arg>
<arg>${locator}</arg>
<doc>Runs the specified keyword and retries if it fails.</doc>
<status status="PASS" start="2024-07-31T10:02:55.310921" elapsed="18.726546"/>
</kw>
<arg>//div[@class="dx-datagrid-text-content"][text()='วันที่สร้าง']</arg>
<status status="PASS" start="2024-07-31T10:02:55.309877" elapsed="18.727590"/>
</kw>
<kw name="Wait And Click Element" owner="common_art">
<kw name="Wait Until Keyword Succeeds" owner="BuiltIn">
<kw name="Click Element with Delay" owner="common_art">
<kw name="Click Element" owner="SeleniumLibrary">
<msg time="2024-07-31T10:03:14.039603" level="INFO">Clicking element '//*[text()=' สร้างสินค้าใหม่']/parent::span'.</msg>
<arg>${locator}</arg>
<doc>Click the element identified by ``locator``.</doc>
<status status="PASS" start="2024-07-31T10:03:14.039603" elapsed="0.055486"/>
</kw>
<kw name="Sleep" owner="BuiltIn">
<msg time="2024-07-31T10:03:15.096112" level="INFO">Slept 1 second.</msg>
<arg>1s</arg>
<doc>Pauses the test executed for the given time.</doc>
<status status="PASS" start="2024-07-31T10:03:14.095595" elapsed="1.000517"/>
</kw>
<arg>${locator}</arg>
<status status="PASS" start="2024-07-31T10:03:14.038597" elapsed="1.057515"/>
</kw>
<arg>5x</arg>
<arg>2s</arg>
<arg>Click Element with Delay</arg>
<arg>${locator}</arg>
<doc>Runs the specified keyword and retries if it fails.</doc>
<status status="PASS" start="2024-07-31T10:03:14.038597" elapsed="1.057515"/>
</kw>
<arg>//*[text()=' สร้างสินค้าใหม่']/parent::span</arg>
<status status="PASS" start="2024-07-31T10:03:14.038597" elapsed="1.057515"/>
</kw>
<kw name="Wait And Wait Until Element Is Visible" owner="common_art">
<kw name="Wait Until Keyword Succeeds" owner="BuiltIn">
<kw name="Wait Until Element Is Visible" owner="SeleniumLibrary">
<arg>${locator}</arg>
<doc>Waits until the element ``locator`` is visible.</doc>
<status status="PASS" start="2024-07-31T10:03:15.097623" elapsed="0.733490"/>
</kw>
<arg>5x</arg>
<arg>2s</arg>
<arg>Wait Until Element Is Visible</arg>
<arg>${locator}</arg>
<doc>Runs the specified keyword and retries if it fails.</doc>
<status status="PASS" start="2024-07-31T10:03:15.097623" elapsed="0.734499"/>
</kw>
<arg>//span[@class="MuiTab-wrapper"][text()="Basic data"]</arg>
<status status="PASS" start="2024-07-31T10:03:15.096112" elapsed="0.736010"/>
</kw>
<kw name="Wait And Click Element" owner="common_art">
<kw name="Wait Until Keyword Succeeds" owner="BuiltIn">
<kw name="Click Element with Delay" owner="common_art">
<kw name="Click Element" owner="SeleniumLibrary">
<msg time="2024-07-31T10:03:15.833113" level="INFO">Clicking element '//input[@name="vendor_no"]/following-sibling::div/div/input'.</msg>
<arg>${locator}</arg>
<doc>Click the element identified by ``locator``.</doc>
<status status="PASS" start="2024-07-31T10:03:15.833113" elapsed="0.965329"/>
</kw>
<kw name="Sleep" owner="BuiltIn">
<msg time="2024-07-31T10:03:17.798616" level="INFO">Slept 1 second.</msg>
<arg>1s</arg>
<doc>Pauses the test executed for the given time.</doc>
<status status="PASS" start="2024-07-31T10:03:16.798442" elapsed="1.000779"/>
</kw>
<arg>${locator}</arg>
<status status="PASS" start="2024-07-31T10:03:15.833113" elapsed="1.966108"/>
</kw>
<arg>5x</arg>
<arg>2s</arg>
<arg>Click Element with Delay</arg>
<arg>${locator}</arg>
<doc>Runs the specified keyword and retries if it fails.</doc>
<status status="PASS" start="2024-07-31T10:03:15.833113" elapsed="1.966108"/>
</kw>
<arg>//input[@name="vendor_no"]/following-sibling::div/div/input</arg>
<status status="PASS" start="2024-07-31T10:03:15.832122" elapsed="1.967099"/>
</kw>
<kw name="Wait And Input Text with Delay" owner="common_art">
<kw name="Wait Until Keyword Succeeds" owner="BuiltIn">
<kw name="Input Text with Delay" owner="common_art">
<kw name="Input Text" owner="SeleniumLibrary">
<msg time="2024-07-31T10:03:17.800327" level="INFO">Typing text '100001060' into text field '//input[@name="vendor_no"]/following-sibling::div/div/input'.</msg>
<arg>${locator}</arg>
<arg>${text}</arg>
<doc>Types the given ``text`` into the text field identified by ``locator``.</doc>
<status status="PASS" start="2024-07-31T10:03:17.800327" elapsed="0.092198"/>
</kw>
<kw name="Sleep" owner="BuiltIn">
<msg time="2024-07-31T10:03:18.893982" level="INFO">Slept 1 second.</msg>
<arg>1s</arg>
<doc>Pauses the test executed for the given time.</doc>
<status status="PASS" start="2024-07-31T10:03:17.893525" elapsed="1.000457"/>
</kw>
<arg>${locator}</arg>
<arg>${text}</arg>
<status status="PASS" start="2024-07-31T10:03:17.800327" elapsed="1.093655"/>
</kw>
<arg>5x</arg>
<arg>2s</arg>
<arg>Input Text with Delay</arg>
<arg>${locator}</arg>
<arg>${text}</arg>
<doc>Runs the specified keyword and retries if it fails.</doc>
<status status="PASS" start="2024-07-31T10:03:17.800327" elapsed="1.093655"/>
</kw>
<arg>//input[@name="vendor_no"]/following-sibling::div/div/input</arg>
<arg>${vendor_no}</arg>
<status status="PASS" start="2024-07-31T10:03:17.799221" elapsed="1.094761"/>
</kw>
<kw name="Wait And Press Keys" owner="common_art">
<kw name="Wait Until Keyword Succeeds" owner="BuiltIn">
<kw name="Press Keys" owner="SeleniumLibrary">
<msg time="2024-07-31T10:03:18.894984" level="INFO">Sending key(s) ('ARROW_DOWN',) to //input[contains(@id, '_vendor_no') and starts-with(@id, 'dx_')] element.</msg>
<msg time="2024-07-31T10:03:19.619429" level="INFO">Pressing special key ARROW_DOWN to element.</msg>
<msg time="2024-07-31T10:03:19.619429" level="INFO">Releasing special key ARROW_DOWN.</msg>
<arg>${locator}</arg>
<arg>${keys}</arg>
<doc>Simulates the user pressing key(s) to an element or on the active browser.</doc>
<status status="PASS" start="2024-07-31T10:03:18.894984" elapsed="0.737650"/>
</kw>
<arg>5x</arg>
<arg>2s</arg>
<arg>Press Keys</arg>
<arg>${locator}</arg>
<arg>${keys}</arg>
<doc>Runs the specified keyword and retries if it fails.</doc>
<status status="PASS" start="2024-07-31T10:03:18.893982" elapsed="0.738652"/>
</kw>
<arg>//input[contains(@id, '_vendor_no') and starts-with(@id, 'dx_')]</arg>
<arg>ARROW_DOWN</arg>
<status status="PASS" start="2024-07-31T10:03:18.893982" elapsed="0.738652"/>
</kw>
<kw name="Wait And Press Keys" owner="common_art">
<kw name="Wait Until Keyword Succeeds" owner="BuiltIn">
<kw name="Press Keys" owner="SeleniumLibrary">
<msg time="2024-07-31T10:03:19.633634" level="INFO">Sending key(s) ('ENTER',) to //input[contains(@id, '_vendor_no') and starts-with(@id, 'dx_')] element.</msg>
<msg time="2024-07-31T10:03:19.970307" level="INFO">Pressing special key ENTER to element.</msg>
<msg time="2024-07-31T10:03:19.971306" level="INFO">Releasing special key ENTER.</msg>
<arg>${locator}</arg>
<arg>${keys}</arg>
<doc>Simulates the user pressing key(s) to an element or on the active browser.</doc>
<status status="PASS" start="2024-07-31T10:03:19.633634" elapsed="0.356814"/>
</kw>
<arg>5x</arg>
<arg>2s</arg>
<arg>Press Keys</arg>
<arg>${locator}</arg>
<arg>${keys}</arg>
<doc>Runs the specified keyword and retries if it fails.</doc>
<status status="PASS" start="2024-07-31T10:03:19.633634" elapsed="0.356814"/>
</kw>
<arg>//input[contains(@id, '_vendor_no') and starts-with(@id, 'dx_')]</arg>
<arg>ENTER</arg>
<status status="PASS" start="2024-07-31T10:03:19.632634" elapsed="0.357814"/>
</kw>
<kw name="Wait And Click Element" owner="common_art">
<kw name="Wait Until Keyword Succeeds" owner="BuiltIn">
<kw name="Click Element with Delay" owner="common_art">
<kw name="Click Element" owner="SeleniumLibrary">
<msg time="2024-07-31T10:03:19.992450" level="INFO">Clicking element '//input[@name="name_th"]'.</msg>
<arg>${locator}</arg>
<doc>Click the element identified by ``locator``.</doc>
<status status="PASS" start="2024-07-31T10:03:19.992450" elapsed="0.108744"/>
</kw>
<kw name="Sleep" owner="BuiltIn">
<msg time="2024-07-31T10:03:21.102752" level="INFO">Slept 1 second.</msg>
<arg>1s</arg>
<doc>Pauses the test executed for the given time.</doc>
<status status="PASS" start="2024-07-31T10:03:20.102194" elapsed="1.000558"/>
</kw>
<arg>${locator}</arg>
<status status="PASS" start="2024-07-31T10:03:19.991448" elapsed="1.111304"/>
</kw>
<arg>5x</arg>
<arg>2s</arg>
<arg>Click Element with Delay</arg>
<arg>${locator}</arg>
<doc>Runs the specified keyword and retries if it fails.</doc>
<status status="PASS" start="2024-07-31T10:03:19.991448" elapsed="1.111304"/>
</kw>
<arg>//input[@name="name_th"]</arg>
<status status="PASS" start="2024-07-31T10:03:19.991448" elapsed="1.111304"/>
</kw>
<kw name="Wait And Input Text with Delay" owner="common_art">
<kw name="Wait Until Keyword Succeeds" owner="BuiltIn">
<kw name="Input Text with Delay" owner="common_art">
<kw name="Input Text" owner="SeleniumLibrary">
<msg time="2024-07-31T10:03:21.105017" level="INFO">Typing text 'QA_ท่อพีวีซี' into text field '//input[@name="name_th"]'.</msg>
<arg>${locator}</arg>
<arg>${text}</arg>
<doc>Types the given ``text`` into the text field identified by ``locator``.</doc>
<status status="PASS" start="2024-07-31T10:03:21.104019" elapsed="0.066372"/>
</kw>
<kw name="Sleep" owner="BuiltIn">
<msg time="2024-07-31T10:03:22.171733" level="INFO">Slept 1 second.</msg>
<arg>1s</arg>
<doc>Pauses the test executed for the given time.</doc>
<status status="PASS" start="2024-07-31T10:03:21.170391" elapsed="1.001342"/>
</kw>
<arg>${locator}</arg>
<arg>${text}</arg>
<status status="PASS" start="2024-07-31T10:03:21.104019" elapsed="1.067714"/>
</kw>
<arg>5x</arg>
<arg>2s</arg>
<arg>Input Text with Delay</arg>
<arg>${locator}</arg>
<arg>${text}</arg>
<doc>Runs the specified keyword and retries if it fails.</doc>
<status status="PASS" start="2024-07-31T10:03:21.104019" elapsed="1.067714"/>
</kw>
<arg>//input[@name="name_th"]</arg>
<arg>${name_th}</arg>
<status status="PASS" start="2024-07-31T10:03:21.104019" elapsed="1.067714"/>
</kw>
<kw name="Wait And Click Element" owner="common_art">
<kw name="Wait Until Keyword Succeeds" owner="BuiltIn">
<kw name="Click Element with Delay" owner="common_art">
<kw name="Click Element" owner="SeleniumLibrary">
<msg time="2024-07-31T10:03:22.173743" level="INFO">Clicking element '//input[@name="name_en"]'.</msg>
<arg>${locator}</arg>
<doc>Click the element identified by ``locator``.</doc>
<status status="PASS" start="2024-07-31T10:03:22.172745" elapsed="0.072533"/>
</kw>
<kw name="Sleep" owner="BuiltIn">
<msg time="2024-07-31T10:03:23.246644" level="INFO">Slept 1 second.</msg>
<arg>1s</arg>
<doc>Pauses the test executed for the given time.</doc>
<status status="PASS" start="2024-07-31T10:03:22.245278" elapsed="1.001366"/>
</kw>
<arg>${locator}</arg>
<status status="PASS" start="2024-07-31T10:03:22.172745" elapsed="1.073899"/>
</kw>
<arg>5x</arg>
<arg>2s</arg>
<arg>Click Element with Delay</arg>
<arg>${locator}</arg>
<doc>Runs the specified keyword and retries if it fails.</doc>
<status status="PASS" start="2024-07-31T10:03:22.172745" elapsed="1.073899"/>
</kw>
<arg>//input[@name="name_en"]</arg>
<status status="PASS" start="2024-07-31T10:03:22.172745" elapsed="1.073899"/>
</kw>
<kw name="Wait And Input Text with Delay" owner="common_art">
<kw name="Wait Until Keyword Succeeds" owner="BuiltIn">
<kw name="Input Text with Delay" owner="common_art">
<kw name="Input Text" owner="SeleniumLibrary">
<msg time="2024-07-31T10:03:23.247741" level="INFO">Typing text 'pipe pvc' into text field '//input[@name="name_en"]'.</msg>
<arg>${locator}</arg>
<arg>${text}</arg>
<doc>Types the given ``text`` into the text field identified by ``locator``.</doc>
<status status="PASS" start="2024-07-31T10:03:23.247741" elapsed="0.083723"/>
</kw>
<kw name="Sleep" owner="BuiltIn">
<msg time="2024-07-31T10:03:24.331743" level="INFO">Slept 1 second.</msg>
<arg>1s</arg>
<doc>Pauses the test executed for the given time.</doc>
<status status="PASS" start="2024-07-31T10:03:23.331464" elapsed="1.000279"/>
</kw>
<arg>${locator}</arg>
<arg>${text}</arg>
<status status="PASS" start="2024-07-31T10:03:23.247741" elapsed="1.084002"/>
</kw>
<arg>5x</arg>
<arg>2s</arg>
<arg>Input Text with Delay</arg>
<arg>${locator}</arg>
<arg>${text}</arg>
<doc>Runs the specified keyword and retries if it fails.</doc>
<status status="PASS" start="2024-07-31T10:03:23.246644" elapsed="1.085099"/>
</kw>
<arg>//input[@name="name_en"]</arg>
<arg>${name_en}</arg>
<status status="PASS" start="2024-07-31T10:03:23.246644" elapsed="1.085099"/>
</kw>
<kw name="Wait And Click Element" owner="common_art">
<kw name="Wait Until Keyword Succeeds" owner="BuiltIn">
<kw name="Click Element with Delay" owner="common_art">
<kw name="Click Element" owner="SeleniumLibrary">
<msg time="2024-07-31T10:03:24.333101" level="INFO">Clicking element '//input[@name="article_category"]/following-sibling::div/div/input'.</msg>
<arg>${locator}</arg>
<doc>Click the element identified by ``locator``.</doc>
<status status="PASS" start="2024-07-31T10:03:24.333101" elapsed="0.090402"/>
</kw>
<kw name="Sleep" owner="BuiltIn">
<msg time="2024-07-31T10:03:25.425607" level="INFO">Slept 1 second.</msg>
<arg>1s</arg>
<doc>Pauses the test executed for the given time.</doc>
<status status="PASS" start="2024-07-31T10:03:24.423503" elapsed="1.002104"/>
</kw>
<arg>${locator}</arg>
<status status="PASS" start="2024-07-31T10:03:24.333101" elapsed="1.092506"/>
</kw>
<arg>5x</arg>
<arg>2s</arg>
<arg>Click Element with Delay</arg>
<arg>${locator}</arg>
<doc>Runs the specified keyword and retries if it fails.</doc>
<status status="PASS" start="2024-07-31T10:03:24.333101" elapsed="1.092506"/>
</kw>
<arg>//input[@name="article_category"]/following-sibling::div/div/input</arg>
<status status="PASS" start="2024-07-31T10:03:24.331743" elapsed="1.093864"/>
</kw>
<kw name="Wait And Input Text with Delay" owner="common_art">
<kw name="Wait Until Keyword Succeeds" owner="BuiltIn">
<kw name="Input Text with Delay" owner="common_art">
<kw name="Input Text" owner="SeleniumLibrary">
<msg time="2024-07-31T10:03:25.426608" level="INFO">Typing text '00: Single article' into text field '//input[@name="article_category"]/following-sibling::div/div/input'.</msg>
<arg>${locator}</arg>
<arg>${text}</arg>
<doc>Types the given ``text`` into the text field identified by ``locator``.</doc>
<status status="PASS" start="2024-07-31T10:03:25.426608" elapsed="0.155860"/>
</kw>
<kw name="Sleep" owner="BuiltIn">
<msg time="2024-07-31T10:03:26.583616" level="INFO">Slept 1 second.</msg>
<arg>1s</arg>
<doc>Pauses the test executed for the given time.</doc>
<status status="PASS" start="2024-07-31T10:03:25.582468" elapsed="1.001148"/>
</kw>
<arg>${locator}</arg>
<arg>${text}</arg>
<status status="PASS" start="2024-07-31T10:03:25.426608" elapsed="1.157008"/>
</kw>
<arg>5x</arg>
<arg>2s</arg>
<arg>Input Text with Delay</arg>
<arg>${locator}</arg>
<arg>${text}</arg>
<doc>Runs the specified keyword and retries if it fails.</doc>
<status status="PASS" start="2024-07-31T10:03:25.426608" elapsed="1.157008"/>
</kw>
<arg>//input[@name="article_category"]/following-sibling::div/div/input</arg>
<arg>${article_category}</arg>
<status status="PASS" start="2024-07-31T10:03:25.425607" elapsed="1.158009"/>
</kw>
<kw name="Wait And Press Keys" owner="common_art">
<kw name="Wait Until Keyword Succeeds" owner="BuiltIn">
<kw name="Press Keys" owner="SeleniumLibrary">
<msg time="2024-07-31T10:03:26.585132" level="INFO">Sending key(s) ('ARROW_DOWN',) to //input[@name="article_category"]/following-sibling::div/div/input element.</msg>
<msg time="2024-07-31T10:03:26.883851" level="INFO">Pressing special key ARROW_DOWN to element.</msg>
<msg time="2024-07-31T10:03:26.883851" level="INFO">Releasing special key ARROW_DOWN.</msg>
<arg>${locator}</arg>
<arg>${keys}</arg>
<doc>Simulates the user pressing key(s) to an element or on the active browser.</doc>
<status status="PASS" start="2024-07-31T10:03:26.585132" elapsed="0.310932"/>
</kw>
<arg>5x</arg>
<arg>2s</arg>
<arg>Press Keys</arg>
<arg>${locator}</arg>
<arg>${keys}</arg>
<doc>Runs the specified keyword and retries if it fails.</doc>
<status status="PASS" start="2024-07-31T10:03:26.583616" elapsed="0.312448"/>
</kw>
<arg>//input[@name="article_category"]/following-sibling::div/div/input</arg>
<arg>ARROW_DOWN</arg>
<status status="PASS" start="2024-07-31T10:03:26.583616" elapsed="0.312448"/>
</kw>
<kw name="Wait And Press Keys" owner="common_art">
<kw name="Wait Until Keyword Succeeds" owner="BuiltIn">
<kw name="Press Keys" owner="SeleniumLibrary">
<msg time="2024-07-31T10:03:26.897064" level="INFO">Sending key(s) ('ENTER',) to //input[@name="article_category"]/following-sibling::div/div/input element.</msg>
<msg time="2024-07-31T10:03:27.205133" level="INFO">Pressing special key ENTER to element.</msg>
<msg time="2024-07-31T10:03:27.205133" level="INFO">Releasing special key ENTER.</msg>
<arg>${locator}</arg>
<arg>${keys}</arg>
<doc>Simulates the user pressing key(s) to an element or on the active browser.</doc>
<status status="PASS" start="2024-07-31T10:03:26.897064" elapsed="0.318224"/>
</kw>
<arg>5x</arg>
<arg>2s</arg>
<arg>Press Keys</arg>
<arg>${locator}</arg>
<arg>${keys}</arg>
<doc>Runs the specified keyword and retries if it fails.</doc>
<status status="PASS" start="2024-07-31T10:03:26.897064" elapsed="0.318224"/>
</kw>
<arg>//input[@name="article_category"]/following-sibling::div/div/input</arg>
<arg>ENTER</arg>
<status status="PASS" start="2024-07-31T10:03:26.896064" elapsed="0.319224"/>
</kw>
<kw name="Wait And Click Element" owner="common_art">
<kw name="Wait Until Keyword Succeeds" owner="BuiltIn">
<kw name="Click Element with Delay" owner="common_art">
<kw name="Click Element" owner="SeleniumLibrary">
<msg time="2024-07-31T10:03:27.217591" level="INFO">Clicking element '//input[@name="merchandise_category2"]/following-sibling::div/div/input'.</msg>
<arg>${locator}</arg>
<doc>Click the element identified by ``locator``.</doc>
<status status="PASS" start="2024-07-31T10:03:27.217591" elapsed="0.082957"/>
</kw>
<kw name="Sleep" owner="BuiltIn">
<msg time="2024-07-31T10:03:28.300892" level="INFO">Slept 1 second.</msg>
<arg>1s</arg>
<doc>Pauses the test executed for the given time.</doc>
<status status="PASS" start="2024-07-31T10:03:27.300548" elapsed="1.000344"/>
</kw>
<arg>${locator}</arg>
<status status="PASS" start="2024-07-31T10:03:27.216305" elapsed="1.084587"/>
</kw>
<arg>5x</arg>
<arg>2s</arg>
<arg>Click Element with Delay</arg>
<arg>${locator}</arg>
<doc>Runs the specified keyword and retries if it fails.</doc>
<status status="PASS" start="2024-07-31T10:03:27.216305" elapsed="1.084587"/>
</kw>
<arg>//input[@name="merchandise_category2"]/following-sibling::div/div/input</arg>
<status status="PASS" start="2024-07-31T10:03:27.216305" elapsed="1.084587"/>
</kw>
<kw name="Wait And Input Text with Delay" owner="common_art">
<kw name="Wait Until Keyword Succeeds" owner="BuiltIn">
<kw name="Input Text with Delay" owner="common_art">
<kw name="Input Text" owner="SeleniumLibrary">
<msg time="2024-07-31T10:03:28.303911" level="INFO">Typing text 'DZD: ก่อสร้าง-อื่นๆ' into text field '//input[@name="merchandise_category2"]/following-sibling::div/div/input'.</msg>
<arg>${locator}</arg>
<arg>${text}</arg>
<doc>Types the given ``text`` into the text field identified by ``locator``.</doc>
<status status="PASS" start="2024-07-31T10:03:28.302944" elapsed="0.078091"/>
</kw>
<kw name="Sleep" owner="BuiltIn">
<msg time="2024-07-31T10:03:29.381679" level="INFO">Slept 1 second.</msg>
<arg>1s</arg>
<doc>Pauses the test executed for the given time.</doc>
<status status="PASS" start="2024-07-31T10:03:28.381035" elapsed="1.000644"/>
</kw>
<arg>${locator}</arg>
<arg>${text}</arg>
<status status="PASS" start="2024-07-31T10:03:28.301948" elapsed="1.079731"/>
</kw>
<arg>5x</arg>
<arg>2s</arg>
<arg>Input Text with Delay</arg>
<arg>${locator}</arg>
<arg>${text}</arg>
<doc>Runs the specified keyword and retries if it fails.</doc>
<status status="PASS" start="2024-07-31T10:03:28.301948" elapsed="1.079731"/>
</kw>
<arg>//input[@name="merchandise_category2"]/following-sibling::div/div/input</arg>
<arg>${merchandise_category2}</arg>
<status status="PASS" start="2024-07-31T10:03:28.300892" elapsed="1.080787"/>
</kw>
<kw name="Wait And Press Keys" owner="common_art">
<kw name="Wait Until Keyword Succeeds" owner="BuiltIn">
<kw name="Press Keys" owner="SeleniumLibrary">
<msg time="2024-07-31T10:03:29.382696" level="INFO">Sending key(s) ('ARROW_DOWN',) to //input[@name="merchandise_category2"]/following-sibling::div/div/input element.</msg>
<msg time="2024-07-31T10:03:29.671684" level="INFO">Pressing special key ARROW_DOWN to element.</msg>
<msg time="2024-07-31T10:03:29.671684" level="INFO">Releasing special key ARROW_DOWN.</msg>
<arg>${locator}</arg>
<arg>${keys}</arg>
<doc>Simulates the user pressing key(s) to an element or on the active browser.</doc>
<status status="PASS" start="2024-07-31T10:03:29.382696" elapsed="0.298876"/>
</kw>
<arg>5x</arg>
<arg>2s</arg>
<arg>Press Keys</arg>
<arg>${locator}</arg>
<arg>${keys}</arg>
<doc>Runs the specified keyword and retries if it fails.</doc>
<status status="PASS" start="2024-07-31T10:03:29.382696" elapsed="0.299880"/>
</kw>
<arg>//input[@name="merchandise_category2"]/following-sibling::div/div/input</arg>
<arg>ARROW_DOWN</arg>
<status status="PASS" start="2024-07-31T10:03:29.381679" elapsed="0.300897"/>
</kw>
<kw name="Wait And Press Keys" owner="common_art">
<kw name="Wait Until Keyword Succeeds" owner="BuiltIn">
<kw name="Press Keys" owner="SeleniumLibrary">
<msg time="2024-07-31T10:03:29.683657" level="INFO">Sending key(s) ('ENTER',) to //input[@name="merchandise_category2"]/following-sibling::div/div/input element.</msg>
<msg time="2024-07-31T10:03:29.991161" level="INFO">Pressing special key ENTER to element.</msg>
<msg time="2024-07-31T10:03:29.991161" level="INFO">Releasing special key ENTER.</msg>
<arg>${locator}</arg>
<arg>${keys}</arg>
<doc>Simulates the user pressing key(s) to an element or on the active browser.</doc>
<status status="PASS" start="2024-07-31T10:03:29.682576" elapsed="0.315181"/>
</kw>
<arg>5x</arg>
<arg>2s</arg>
<arg>Press Keys</arg>
<arg>${locator}</arg>
<arg>${keys}</arg>
<doc>Runs the specified keyword and retries if it fails.</doc>
<status status="PASS" start="2024-07-31T10:03:29.682576" elapsed="0.315181"/>
</kw>
<arg>//input[@name="merchandise_category2"]/following-sibling::div/div/input</arg>
<arg>ENTER</arg>
<status status="PASS" start="2024-07-31T10:03:29.682576" elapsed="0.315181"/>
</kw>
<kw name="Wait And Click Element" owner="common_art">
<kw name="Wait Until Keyword Succeeds" owner="BuiltIn">
<kw name="Click Element with Delay" owner="common_art">
<kw name="Click Element" owner="SeleniumLibrary">
<msg time="2024-07-31T10:03:29.998757" level="INFO">Clicking element '//input[@name="merchandise_category"]/following-sibling::div/div/input'.</msg>
<arg>${locator}</arg>
<doc>Click the element identified by ``locator``.</doc>
<status status="PASS" start="2024-07-31T10:03:29.998757" elapsed="0.079462"/>
</kw>
<kw name="Sleep" owner="BuiltIn">
<msg time="2024-07-31T10:03:31.079435" level="INFO">Slept 1 second.</msg>
<arg>1s</arg>
<doc>Pauses the test executed for the given time.</doc>
<status status="PASS" start="2024-07-31T10:03:30.079211" elapsed="1.000224"/>
</kw>
<arg>${locator}</arg>
<status status="PASS" start="2024-07-31T10:03:29.998757" elapsed="1.080678"/>
</kw>
<arg>5x</arg>
<arg>2s</arg>
<arg>Click Element with Delay</arg>
<arg>${locator}</arg>
<doc>Runs the specified keyword and retries if it fails.</doc>
<status status="PASS" start="2024-07-31T10:03:29.997757" elapsed="1.081678"/>
</kw>
<arg>//input[@name="merchandise_category"]/following-sibling::div/div/input</arg>
<status status="PASS" start="2024-07-31T10:03:29.997757" elapsed="1.081678"/>
</kw>
<kw name="Wait And Input Text with Delay" owner="common_art">
<kw name="Wait Until Keyword Succeeds" owner="BuiltIn">
<kw name="Input Text with Delay" owner="common_art">
<kw name="Input Text" owner="SeleniumLibrary">
<msg time="2024-07-31T10:03:31.080539" level="INFO">Typing text 'DZD151102: ประตูไวนิลสวิงเดี่ยว' into text field '//input[@name="merchandise_category"]/following-sibling::div/div/input'.</msg>
<arg>${locator}</arg>
<arg>${text}</arg>
<doc>Types the given ``text`` into the text field identified by ``locator``.</doc>
<status status="PASS" start="2024-07-31T10:03:31.080539" elapsed="0.092932"/>
</kw>
<kw name="Sleep" owner="BuiltIn">
<msg time="2024-07-31T10:03:32.175576" level="INFO">Slept 1 second.</msg>
<arg>1s</arg>
<doc>Pauses the test executed for the given time.</doc>
<status status="PASS" start="2024-07-31T10:03:31.175014" elapsed="1.000562"/>
</kw>
<arg>${locator}</arg>
<arg>${text}</arg>
<status status="PASS" start="2024-07-31T10:03:31.080539" elapsed="1.095037"/>
</kw>
<arg>5x</arg>
<arg>2s</arg>
<arg>Input Text with Delay</arg>
<arg>${locator}</arg>
<arg>${text}</arg>
<doc>Runs the specified keyword and retries if it fails.</doc>
<status status="PASS" start="2024-07-31T10:03:31.080539" elapsed="1.095037"/>
</kw>
<arg>//input[@name="merchandise_category"]/following-sibling::div/div/input</arg>
<arg>${merchandise_category}</arg>
<status status="PASS" start="2024-07-31T10:03:31.079435" elapsed="1.096141"/>
</kw>
<kw name="Wait And Press Keys" owner="common_art">
<kw name="Wait Until Keyword Succeeds" owner="BuiltIn">
<kw name="Press Keys" owner="SeleniumLibrary">
<msg time="2024-07-31T10:03:32.176621" level="INFO">Sending key(s) ('ARROW_DOWN',) to //input[@name="merchandise_category"]/following-sibling::div/div/input element.</msg>
<msg time="2024-07-31T10:03:32.505497" level="INFO">Pressing special key ARROW_DOWN to element.</msg>
<msg time="2024-07-31T10:03:32.505497" level="INFO">Releasing special key ARROW_DOWN.</msg>
<arg>${locator}</arg>
<arg>${keys}</arg>
<doc>Simulates the user pressing key(s) to an element or on the active browser.</doc>
<status status="PASS" start="2024-07-31T10:03:32.176621" elapsed="0.336861"/>
</kw>
<arg>5x</arg>
<arg>2s</arg>
<arg>Press Keys</arg>
<arg>${locator}</arg>
<arg>${keys}</arg>
<doc>Runs the specified keyword and retries if it fails.</doc>
<status status="PASS" start="2024-07-31T10:03:32.175576" elapsed="0.339412"/>
</kw>
<arg>//input[@name="merchandise_category"]/following-sibling::div/div/input</arg>
<arg>ARROW_DOWN</arg>
<status status="PASS" start="2024-07-31T10:03:32.175576" elapsed="0.339412"/>
</kw>
<kw name="Wait And Press Keys" owner="common_art">
<kw name="Wait Until Keyword Succeeds" owner="BuiltIn">
<kw name="Press Keys" owner="SeleniumLibrary">
<msg time="2024-07-31T10:03:32.516002" level="INFO">Sending key(s) ('ENTER',) to //input[@name="merchandise_category"]/following-sibling::div/div/input element.</msg>
<msg time="2024-07-31T10:03:33.283412" level="INFO">Pressing special key ENTER to element.</msg>
<msg time="2024-07-31T10:03:33.284970" level="INFO">Releasing special key ENTER.</msg>
<arg>${locator}</arg>
<arg>${keys}</arg>
<doc>Simulates the user pressing key(s) to an element or on the active browser.</doc>
<status status="PASS" start="2024-07-31T10:03:32.514988" elapsed="0.781468"/>
</kw>
<arg>5x</arg>
<arg>2s</arg>
<arg>Press Keys</arg>
<arg>${locator}</arg>
<arg>${keys}</arg>
<doc>Runs the specified keyword and retries if it fails.</doc>
<status status="PASS" start="2024-07-31T10:03:32.514988" elapsed="0.781468"/>
</kw>
<arg>//input[@name="merchandise_category"]/following-sibling::div/div/input</arg>
<arg>ENTER</arg>
<status status="PASS" start="2024-07-31T10:03:32.514988" elapsed="0.782467"/>
</kw>
<kw name="Wait And Click Element" owner="common_art">
<kw name="Wait Until Keyword Succeeds" owner="BuiltIn">
<kw name="Click Element with Delay" owner="common_art">
<kw name="Click Element" owner="SeleniumLibrary">
<msg time="2024-07-31T10:03:33.298543" level="INFO">Clicking element '//input[@name="division"]/following-sibling::div/div/input'.</msg>
<arg>${locator}</arg>
<doc>Click the element identified by ``locator``.</doc>
<status status="PASS" start="2024-07-31T10:03:33.298543" elapsed="0.082353"/>
</kw>
<kw name="Sleep" owner="BuiltIn">
<msg time="2024-07-31T10:03:34.382105" level="INFO">Slept 1 second.</msg>
<arg>1s</arg>
<doc>Pauses the test executed for the given time.</doc>
<status status="PASS" start="2024-07-31T10:03:33.381899" elapsed="1.000206"/>
</kw>
<arg>${locator}</arg>
<status status="PASS" start="2024-07-31T10:03:33.297455" elapsed="1.084650"/>
</kw>
<arg>5x</arg>
<arg>2s</arg>
<arg>Click Element with Delay</arg>
<arg>${locator}</arg>
<doc>Runs the specified keyword and retries if it fails.</doc>
<status status="PASS" start="2024-07-31T10:03:33.297455" elapsed="1.084650"/>
</kw>
<arg>//input[@name="division"]/following-sibling::div/div/input</arg>
<status status="PASS" start="2024-07-31T10:03:33.297455" elapsed="1.084650"/>
</kw>
<kw name="Wait And Clear Element Text" owner="common_art">
<kw name="Wait Until Keyword Succeeds" owner="BuiltIn">
<kw name="Clear Element Text" owner="SeleniumLibrary">
<arg>${locator}</arg>
<doc>Clears the value of the text-input-element identified by ``locator``.</doc>
<status status="PASS" start="2024-07-31T10:03:34.383139" elapsed="0.040237"/>
</kw>
<arg>5x</arg>
<arg>2s</arg>
<arg>Clear Element Text</arg>
<arg>${locator}</arg>
<doc>Runs the specified keyword and retries if it fails.</doc>
<status status="PASS" start="2024-07-31T10:03:34.383139" elapsed="0.040237"/>
</kw>
<arg>//input[@name="division"]/following-sibling::div/div/input</arg>
<status status="PASS" start="2024-07-31T10:03:34.382105" elapsed="0.042779"/>
</kw>
<kw name="Wait And Input Text with Delay" owner="common_art">
<kw name="Wait Until Keyword Succeeds" owner="BuiltIn">
<kw name="Input Text with Delay" owner="common_art">
<kw name="Input Text" owner="SeleniumLibrary">
<msg time="2024-07-31T10:03:34.426915" level="INFO">Typing text '00: Common Division' into text field '//input[@name="division"]/following-sibling::div/div/input'.</msg>
<arg>${locator}</arg>
<arg>${text}</arg>
<doc>Types the given ``text`` into the text field identified by ``locator``.</doc>
<status status="PASS" start="2024-07-31T10:03:34.425914" elapsed="0.093430"/>
</kw>
<kw name="Sleep" owner="BuiltIn">
<msg time="2024-07-31T10:03:35.519980" level="INFO">Slept 1 second.</msg>
<arg>1s</arg>
<doc>Pauses the test executed for the given time.</doc>
<status status="PASS" start="2024-07-31T10:03:34.519344" elapsed="1.000636"/>
</kw>
<arg>${locator}</arg>
<arg>${text}</arg>
<status status="PASS" start="2024-07-31T10:03:34.425914" elapsed="1.094066"/>
</kw>
<arg>5x</arg>
<arg>2s</arg>
<arg>Input Text with Delay</arg>
<arg>${locator}</arg>
<arg>${text}</arg>
<doc>Runs the specified keyword and retries if it fails.</doc>
<status status="PASS" start="2024-07-31T10:03:34.425914" elapsed="1.094066"/>
</kw>
<arg>//input[@name="division"]/following-sibling::div/div/input</arg>
<arg>${division}</arg>
<status status="PASS" start="2024-07-31T10:03:34.424884" elapsed="1.096156"/>
</kw>
<kw name="Wait And Press Keys" owner="common_art">
<kw name="Wait Until Keyword Succeeds" owner="BuiltIn">
<kw name="Press Keys" owner="SeleniumLibrary">
<msg time="2024-07-31T10:03:35.521996" level="INFO">Sending key(s) ('ARROW_DOWN',) to //input[@name="division"]/following-sibling::div/div/input element.</msg>
<msg time="2024-07-31T10:03:35.815223" level="INFO">Pressing special key ARROW_DOWN to element.</msg>
<msg time="2024-07-31T10:03:35.815730" level="INFO">Releasing special key ARROW_DOWN.</msg>
<arg>${locator}</arg>
<arg>${keys}</arg>
<doc>Simulates the user pressing key(s) to an element or on the active browser.</doc>
<status status="PASS" start="2024-07-31T10:03:35.521996" elapsed="0.305744"/>
</kw>
<arg>5x</arg>
<arg>2s</arg>
<arg>Press Keys</arg>
<arg>${locator}</arg>
<arg>${keys}</arg>
<doc>Runs the specified keyword and retries if it fails.</doc>
<status status="PASS" start="2024-07-31T10:03:35.521040" elapsed="0.307787"/>
</kw>
<arg>//input[@name="division"]/following-sibling::div/div/input</arg>
<arg>ARROW_DOWN</arg>
<status status="PASS" start="2024-07-31T10:03:35.521040" elapsed="0.307787"/>
</kw>
<kw name="Wait And Press Keys" owner="common_art">
<kw name="Wait Until Keyword Succeeds" owner="BuiltIn">
<kw name="Press Keys" owner="SeleniumLibrary">
<msg time="2024-07-31T10:03:35.829774" level="INFO">Sending key(s) ('ENTER',) to //input[@name="division"]/following-sibling::div/div/input element.</msg>
<msg time="2024-07-31T10:03:36.130189" level="INFO">Pressing special key ENTER to element.</msg>
<msg time="2024-07-31T10:03:36.130189" level="INFO">Releasing special key ENTER.</msg>
<arg>${locator}</arg>
<arg>${keys}</arg>
<doc>Simulates the user pressing key(s) to an element or on the active browser.</doc>
<status status="PASS" start="2024-07-31T10:03:35.829774" elapsed="0.306267"/>
</kw>
<arg>5x</arg>
<arg>2s</arg>
<arg>Press Keys</arg>
<arg>${locator}</arg>
<arg>${keys}</arg>
<doc>Runs the specified keyword and retries if it fails.</doc>
<status status="PASS" start="2024-07-31T10:03:35.828827" elapsed="0.308215"/>
</kw>
<arg>//input[@name="division"]/following-sibling::div/div/input</arg>
<arg>ENTER</arg>
<status status="PASS" start="2024-07-31T10:03:35.828827" elapsed="0.308215"/>
</kw>
<kw name="Wait And Click Element" owner="common_art">
<kw name="Wait Until Keyword Succeeds" owner="BuiltIn">
<kw name="Click Element with Delay" owner="common_art">
<kw name="Click Element" owner="SeleniumLibrary">
<msg time="2024-07-31T10:03:36.138045" level="INFO">Clicking element '//input[@name="artl_statistics_grp"]/following-sibling::div/div/input'.</msg>
<arg>${locator}</arg>
<doc>Click the element identified by ``locator``.</doc>
<status status="PASS" start="2024-07-31T10:03:36.138045" elapsed="0.071072"/>
</kw>
<kw name="Sleep" owner="BuiltIn">
<msg time="2024-07-31T10:03:37.209269" level="INFO">Slept 1 second.</msg>
<arg>1s</arg>
<doc>Pauses the test executed for the given time.</doc>
<status status="PASS" start="2024-07-31T10:03:36.209117" elapsed="1.000152"/>
</kw>
<arg>${locator}</arg>
<status status="PASS" start="2024-07-31T10:03:36.138045" elapsed="1.071224"/>
</kw>
<arg>5x</arg>
<arg>2s</arg>
<arg>Click Element with Delay</arg>
<arg>${locator}</arg>
<doc>Runs the specified keyword and retries if it fails.</doc>
<status status="PASS" start="2024-07-31T10:03:36.138045" elapsed="1.071224"/>
</kw>
<arg>//input[@name="artl_statistics_grp"]/following-sibling::div/div/input</arg>
<status status="PASS" start="2024-07-31T10:03:36.137042" elapsed="1.072227"/>
</kw>
<kw name="Wait And Input Text with Delay" owner="common_art">
<kw name="Wait Until Keyword Succeeds" owner="BuiltIn">
<kw name="Input Text with Delay" owner="common_art">
<kw name="Input Text" owner="SeleniumLibrary">
<msg time="2024-07-31T10:03:37.210782" level="INFO">Typing text '1: 'A' Article' into text field '//input[@name="artl_statistics_grp"]/following-sibling::div/div/input'.</msg>
<arg>${locator}</arg>
<arg>${text}</arg>
<doc>Types the given ``text`` into the text field identified by ``locator``.</doc>
<status status="PASS" start="2024-07-31T10:03:37.209780" elapsed="0.104709"/>
</kw>
<kw name="Sleep" owner="BuiltIn">
<msg time="2024-07-31T10:03:38.315504" level="INFO">Slept 1 second.</msg>
<arg>1s</arg>
<doc>Pauses the test executed for the given time.</doc>
<status status="PASS" start="2024-07-31T10:03:37.314489" elapsed="1.001015"/>
</kw>
<arg>${locator}</arg>
<arg>${text}</arg>
<status status="PASS" start="2024-07-31T10:03:37.209780" elapsed="1.105724"/>
</kw>
<arg>5x</arg>
<arg>2s</arg>
<arg>Input Text with Delay</arg>
<arg>${locator}</arg>
<arg>${text}</arg>
<doc>Runs the specified keyword and retries if it fails.</doc>
<status status="PASS" start="2024-07-31T10:03:37.209780" elapsed="1.105724"/>
</kw>
<arg>//input[@name="artl_statistics_grp"]/following-sibling::div/div/input</arg>
<arg>${artl_statistics_grp}</arg>
<status status="PASS" start="2024-07-31T10:03:37.209780" elapsed="1.105724"/>
</kw>
<kw name="Wait And Press Keys" owner="common_art">
<kw name="Wait Until Keyword Succeeds" owner="BuiltIn">
<kw name="Press Keys" owner="SeleniumLibrary">
<msg time="2024-07-31T10:03:38.316531" level="INFO">Sending key(s) ('ARROW_DOWN',) to //input[@name="artl_statistics_grp"]/following-sibling::div/div/input element.</msg>
<msg time="2024-07-31T10:03:38.665603" level="INFO">Pressing special key ARROW_DOWN to element.</msg>
<msg time="2024-07-31T10:03:38.665603" level="INFO">Releasing special key ARROW_DOWN.</msg>
<arg>${locator}</arg>
<arg>${keys}</arg>
<doc>Simulates the user pressing key(s) to an element or on the active browser.</doc>
<status status="PASS" start="2024-07-31T10:03:38.316531" elapsed="0.367225"/>
</kw>
<arg>5x</arg>
<arg>2s</arg>
<arg>Press Keys</arg>
<arg>${locator}</arg>
<arg>${keys}</arg>
<doc>Runs the specified keyword and retries if it fails.</doc>
<status status="PASS" start="2024-07-31T10:03:38.316531" elapsed="0.367225"/>
</kw>
<arg>//input[@name="artl_statistics_grp"]/following-sibling::div/div/input</arg>
<arg>ARROW_DOWN</arg>
<status status="PASS" start="2024-07-31T10:03:38.315504" elapsed="0.368252"/>
</kw>
<kw name="Wait And Press Keys" owner="common_art">
<kw name="Wait Until Keyword Succeeds" owner="BuiltIn">
<kw name="Press Keys" owner="SeleniumLibrary">
<msg time="2024-07-31T10:03:38.686279" level="INFO">Sending key(s) ('ENTER',) to //input[@name="artl_statistics_grp"]/following-sibling::div/div/input element.</msg>
<msg time="2024-07-31T10:03:39.009198" level="INFO">Pressing special key ENTER to element.</msg>
<msg time="2024-07-31T10:03:39.009198" level="INFO">Releasing special key ENTER.</msg>
<arg>${locator}</arg>
<arg>${keys}</arg>
<doc>Simulates the user pressing key(s) to an element or on the active browser.</doc>
<status status="PASS" start="2024-07-31T10:03:38.685262" elapsed="0.329918"/>
</kw>
<arg>5x</arg>
<arg>2s</arg>
<arg>Press Keys</arg>
<arg>${locator}</arg>
<arg>${keys}</arg>
<doc>Runs the specified keyword and retries if it fails.</doc>
<status status="PASS" start="2024-07-31T10:03:38.685262" elapsed="0.329918"/>
</kw>
<arg>//input[@name="artl_statistics_grp"]/following-sibling::div/div/input</arg>
<arg>ENTER</arg>
<status status="PASS" start="2024-07-31T10:03:38.683756" elapsed="0.332464"/>
</kw>
<kw name="Wait And Click Element" owner="common_art">
<kw name="Wait Until Keyword Succeeds" owner="BuiltIn">
<kw name="Click Element with Delay" owner="common_art">
<kw name="Click Element" owner="SeleniumLibrary">
<msg time="2024-07-31T10:03:39.017222" level="INFO">Clicking element '//input[@name="astmt_list_type"]/following-sibling::div/div/input'.</msg>
<arg>${locator}</arg>
<doc>Click the element identified by ``locator``.</doc>
<status status="PASS" start="2024-07-31T10:03:39.017222" elapsed="0.077026"/>
</kw>
<kw name="Sleep" owner="BuiltIn">
<msg time="2024-07-31T10:03:40.095664" level="INFO">Slept 1 second.</msg>
<arg>1s</arg>
<doc>Pauses the test executed for the given time.</doc>
<status status="PASS" start="2024-07-31T10:03:39.095238" elapsed="1.000426"/>
</kw>
<arg>${locator}</arg>
<status status="PASS" start="2024-07-31T10:03:39.016220" elapsed="1.079444"/>
</kw>
<arg>5x</arg>
<arg>2s</arg>
<arg>Click Element with Delay</arg>
<arg>${locator}</arg>
<doc>Runs the specified keyword and retries if it fails.</doc>
<status status="PASS" start="2024-07-31T10:03:39.016220" elapsed="1.079444"/>
</kw>
<arg>//input[@name="astmt_list_type"]/following-sibling::div/div/input</arg>
<status status="PASS" start="2024-07-31T10:03:39.016220" elapsed="1.080570"/>
</kw>
<kw name="Wait And Clear Element Text" owner="common_art">
<kw name="Wait Until Keyword Succeeds" owner="BuiltIn">
<kw name="Clear Element Text" owner="SeleniumLibrary">
<arg>${locator}</arg>
<doc>Clears the value of the text-input-element identified by ``locator``.</doc>
<status status="PASS" start="2024-07-31T10:03:40.096790" elapsed="0.039653"/>
</kw>
<arg>5x</arg>
<arg>2s</arg>
<arg>Clear Element Text</arg>
<arg>${locator}</arg>
<doc>Runs the specified keyword and retries if it fails.</doc>
<status status="PASS" start="2024-07-31T10:03:40.096790" elapsed="0.039653"/>
</kw>
<arg>//input[@name="astmt_list_type"]/following-sibling::div/div/input</arg>
<status status="PASS" start="2024-07-31T10:03:40.096790" elapsed="0.039653"/>
</kw>
<kw name="Wait And Input Text with Delay" owner="common_art">
<kw name="Wait Until Keyword Succeeds" owner="BuiltIn">
<kw name="Input Text with Delay" owner="common_art">
<kw name="Input Text" owner="SeleniumLibrary">
<msg time="2024-07-31T10:03:40.138844" level="INFO">Typing text '2: Do home' into text field '//input[@name="astmt_list_type"]/following-sibling::div/div/input'.</msg>
<arg>${locator}</arg>
<arg>${text}</arg>
<doc>Types the given ``text`` into the text field identified by ``locator``.</doc>
<status status="PASS" start="2024-07-31T10:03:40.138844" elapsed="0.088045"/>
</kw>
<kw name="Sleep" owner="BuiltIn">
<msg time="2024-07-31T10:03:41.228917" level="INFO">Slept 1 second.</msg>
<arg>1s</arg>
<doc>Pauses the test executed for the given time.</doc>
<status status="PASS" start="2024-07-31T10:03:40.228264" elapsed="1.000653"/>
</kw>
<arg>${locator}</arg>
<arg>${text}</arg>
<status status="PASS" start="2024-07-31T10:03:40.137786" elapsed="1.091747"/>
</kw>
<arg>5x</arg>
<arg>2s</arg>
<arg>Input Text with Delay</arg>
<arg>${locator}</arg>
<arg>${text}</arg>
<doc>Runs the specified keyword and retries if it fails.</doc>
<status status="PASS" start="2024-07-31T10:03:40.137786" elapsed="1.091747"/>
</kw>
<arg>//input[@name="astmt_list_type"]/following-sibling::div/div/input</arg>
<arg>${astmt_list_type}</arg>
<status status="PASS" start="2024-07-31T10:03:40.136443" elapsed="1.093090"/>
</kw>
<kw name="Wait And Press Keys" owner="common_art">
<kw name="Wait Until Keyword Succeeds" owner="BuiltIn">
<kw name="Press Keys" owner="SeleniumLibrary">
<msg time="2024-07-31T10:03:41.230541" level="INFO">Sending key(s) ('ARROW_DOWN',) to //input[@name="astmt_list_type"]/following-sibling::div/div/input element.</msg>
<msg time="2024-07-31T10:03:41.521739" level="INFO">Pressing special key ARROW_DOWN to element.</msg>
<msg time="2024-07-31T10:03:41.521739" level="INFO">Releasing special key ARROW_DOWN.</msg>
<arg>${locator}</arg>
<arg>${keys}</arg>
<doc>Simulates the user pressing key(s) to an element or on the active browser.</doc>
<status status="PASS" start="2024-07-31T10:03:41.230541" elapsed="0.301416"/>
</kw>
<arg>5x</arg>
<arg>2s</arg>
<arg>Press Keys</arg>
<arg>${locator}</arg>
<arg>${keys}</arg>
<doc>Runs the specified keyword and retries if it fails.</doc>
<status status="PASS" start="2024-07-31T10:03:41.229533" elapsed="0.303427"/>
</kw>
<arg>//input[@name="astmt_list_type"]/following-sibling::div/div/input</arg>
<arg>ARROW_DOWN</arg>
<status status="PASS" start="2024-07-31T10:03:41.229533" elapsed="0.303427"/>
</kw>
<kw name="Wait And Press Keys" owner="common_art">
<kw name="Wait Until Keyword Succeeds" owner="BuiltIn">
<kw name="Press Keys" owner="SeleniumLibrary">
<msg time="2024-07-31T10:03:41.533959" level="INFO">Sending key(s) ('ENTER',) to //input[@name="astmt_list_type"]/following-sibling::div/div/input element.</msg>
<msg time="2024-07-31T10:03:41.857673" level="INFO">Pressing special key ENTER to element.</msg>
<msg time="2024-07-31T10:03:41.857673" level="INFO">Releasing special key ENTER.</msg>
<arg>${locator}</arg>
<arg>${keys}</arg>
<doc>Simulates the user pressing key(s) to an element or on the active browser.</doc>
<status status="PASS" start="2024-07-31T10:03:41.533959" elapsed="0.329712"/>
</kw>
<arg>5x</arg>
<arg>2s</arg>
<arg>Press Keys</arg>
<arg>${locator}</arg>
<arg>${keys}</arg>
<doc>Runs the specified keyword and retries if it fails.</doc>
<status status="PASS" start="2024-07-31T10:03:41.533959" elapsed="0.329712"/>
</kw>
<arg>//input[@name="astmt_list_type"]/following-sibling::div/div/input</arg>
<arg>ENTER</arg>
<status status="PASS" start="2024-07-31T10:03:41.532960" elapsed="0.330711"/>
</kw>
<kw name="Wait And Click Element" owner="common_art">
<kw name="Wait Until Keyword Succeeds" owner="BuiltIn">
<kw name="Click Element with Delay" owner="common_art">
<kw name="Click Element" owner="SeleniumLibrary">
<msg time="2024-07-31T10:03:41.865192" level="INFO">Clicking element '//input[@name="material_type"]/following-sibling::div/div/input'.</msg>
<arg>${locator}</arg>
<doc>Click the element identified by ``locator``.</doc>
<status status="PASS" start="2024-07-31T10:03:41.865192" elapsed="0.095307"/>
</kw>
<kw name="Sleep" owner="BuiltIn">
<msg time="2024-07-31T10:03:42.961086" level="INFO">Slept 1 second.</msg>
<arg>1s</arg>
<doc>Pauses the test executed for the given time.</doc>
<status status="PASS" start="2024-07-31T10:03:41.960499" elapsed="1.000587"/>
</kw>
<arg>${locator}</arg>
<status status="PASS" start="2024-07-31T10:03:41.865192" elapsed="1.095894"/>
</kw>
<arg>5x</arg>
<arg>2s</arg>
<arg>Click Element with Delay</arg>
<arg>${locator}</arg>
<doc>Runs the specified keyword and retries if it fails.</doc>
<status status="PASS" start="2024-07-31T10:03:41.863671" elapsed="1.097415"/>
</kw>
<arg>//input[@name="material_type"]/following-sibling::div/div/input</arg>
<status status="PASS" start="2024-07-31T10:03:41.863671" elapsed="1.097415"/>
</kw>
<kw name="Wait And Input Text with Delay" owner="common_art">
<kw name="Wait Until Keyword Succeeds" owner="BuiltIn">
<kw name="Input Text with Delay" owner="common_art">
<kw name="Input Text" owner="SeleniumLibrary">
<msg time="2024-07-31T10:03:42.963113" level="INFO">Typing text 'ZAWA: Trading Goods DoHome' into text field '//input[@name="material_type"]/following-sibling::div/div/input'.</msg>
<arg>${locator}</arg>
<arg>${text}</arg>
<doc>Types the given ``text`` into the text field identified by ``locator``.</doc>
<status status="PASS" start="2024-07-31T10:03:42.963113" elapsed="0.097608"/>
</kw>
<kw name="Sleep" owner="BuiltIn">
<msg time="2024-07-31T10:03:44.061856" level="INFO">Slept 1 second.</msg>
<arg>1s</arg>
<doc>Pauses the test executed for the given time.</doc>
<status status="PASS" start="2024-07-31T10:03:43.060721" elapsed="1.001135"/>
</kw>
<arg>${locator}</arg>
<arg>${text}</arg>
<status status="PASS" start="2024-07-31T10:03:42.962115" elapsed="1.099741"/>
</kw>
<arg>5x</arg>
<arg>2s</arg>
<arg>Input Text with Delay</arg>
<arg>${locator}</arg>
<arg>${text}</arg>
<doc>Runs the specified keyword and retries if it fails.</doc>
<status status="PASS" start="2024-07-31T10:03:42.962115" elapsed="1.100760"/>
</kw>
<arg>//input[@name="material_type"]/following-sibling::div/div/input</arg>
<arg>${material_type}</arg>
<status status="PASS" start="2024-07-31T10:03:42.962115" elapsed="1.100760"/>
</kw>
<kw name="Wait And Press Keys" owner="common_art">
<kw name="Wait Until Keyword Succeeds" owner="BuiltIn">
<kw name="Press Keys" owner="SeleniumLibrary">
<msg time="2024-07-31T10:03:44.063862" level="INFO">Sending key(s) ('ARROW_DOWN',) to //input[@name="material_type"]/following-sibling::div/div/input element.</msg>
<msg time="2024-07-31T10:03:44.392757" level="INFO">Pressing special key ARROW_DOWN to element.</msg>
<msg time="2024-07-31T10:03:44.392757" level="INFO">Releasing special key ARROW_DOWN.</msg>
<arg>${locator}</arg>
<arg>${keys}</arg>
<doc>Simulates the user pressing key(s) to an element or on the active browser.</doc>
<status status="PASS" start="2024-07-31T10:03:44.063862" elapsed="0.338523"/>
</kw>
<arg>5x</arg>
<arg>2s</arg>
<arg>Press Keys</arg>
<arg>${locator}</arg>
<arg>${keys}</arg>
<doc>Runs the specified keyword and retries if it fails.</doc>
<status status="PASS" start="2024-07-31T10:03:44.063862" elapsed="0.338523"/>
</kw>
<arg>//input[@name="material_type"]/following-sibling::div/div/input</arg>
<arg>ARROW_DOWN</arg>
<status status="PASS" start="2024-07-31T10:03:44.062875" elapsed="0.339510"/>
</kw>
<kw name="Wait And Press Keys" owner="common_art">
<kw name="Wait Until Keyword Succeeds" owner="BuiltIn">
<kw name="Press Keys" owner="SeleniumLibrary">
<msg time="2024-07-31T10:03:44.404387" level="INFO">Sending key(s) ('ENTER',) to //input[@name="material_type"]/following-sibling::div/div/input element.</msg>
<msg time="2024-07-31T10:03:44.713016" level="INFO">Pressing special key ENTER to element.</msg>
<msg time="2024-07-31T10:03:44.713016" level="INFO">Releasing special key ENTER.</msg>
<arg>${locator}</arg>
<arg>${keys}</arg>
<doc>Simulates the user pressing key(s) to an element or on the active browser.</doc>
<status status="PASS" start="2024-07-31T10:03:44.404387" elapsed="0.317605"/>
</kw>
<arg>5x</arg>
<arg>2s</arg>
<arg>Press Keys</arg>
<arg>${locator}</arg>
<arg>${keys}</arg>
<doc>Runs the specified keyword and retries if it fails.</doc>
<status status="PASS" start="2024-07-31T10:03:44.403385" elapsed="0.319607"/>
</kw>
<arg>//input[@name="material_type"]/following-sibling::div/div/input</arg>
<arg>ENTER</arg>
<status status="PASS" start="2024-07-31T10:03:44.403385" elapsed="0.319607"/>
</kw>
<kw name="Wait And Click Element" owner="common_art">
<kw name="Wait Until Keyword Succeeds" owner="BuiltIn">
<kw name="Click Element with Delay" owner="common_art">
<kw name="Click Element" owner="SeleniumLibrary">
<msg time="2024-07-31T10:03:44.723993" level="INFO">Clicking element '//select[@name="distr_ch"]/following-sibling::div/div/input'.</msg>
<arg>${locator}</arg>
<doc>Click the element identified by ``locator``.</doc>
<status status="PASS" start="2024-07-31T10:03:44.723993" elapsed="0.085057"/>
</kw>
<kw name="Sleep" owner="BuiltIn">
<msg time="2024-07-31T10:03:45.810656" level="INFO">Slept 1 second.</msg>
<arg>1s</arg>
<doc>Pauses the test executed for the given time.</doc>
<status status="PASS" start="2024-07-31T10:03:44.809050" elapsed="1.001606"/>
</kw>
<arg>${locator}</arg>
<status status="PASS" start="2024-07-31T10:03:44.722992" elapsed="1.087664"/>
</kw>
<arg>5x</arg>
<arg>2s</arg>
<arg>Click Element with Delay</arg>
<arg>${locator}</arg>
<doc>Runs the specified keyword and retries if it fails.</doc>
<status status="PASS" start="2024-07-31T10:03:44.722992" elapsed="1.087664"/>
</kw>
<arg>//select[@name="distr_ch"]/following-sibling::div/div/input</arg>
<status status="PASS" start="2024-07-31T10:03:44.722992" elapsed="1.087664"/>
</kw>
<kw name="Wait And Click Element Ignore Error" owner="common_art">
<kw name="Run Keyword And Ignore Error" owner="BuiltIn">
<kw name="Wait Until Keyword Succeeds" owner="BuiltIn">
<kw name="Click Element with Delay" owner="common_art">
<kw name="Click Element" owner="SeleniumLibrary">
<msg time="2024-07-31T10:03:45.811673" level="INFO">Clicking element '//*[text()='C1: DoHome/Retail']/preceding-sibling::div/div/div'.</msg>
<arg>${locator}</arg>
<doc>Click the element identified by ``locator``.</doc>
<status status="PASS" start="2024-07-31T10:03:45.811673" elapsed="0.045516"/>
</kw>
<kw name="Sleep" owner="BuiltIn">
<msg time="2024-07-31T10:03:46.858431" level="INFO">Slept 1 second.</msg>
<arg>1s</arg>
<doc>Pauses the test executed for the given time.</doc>
<status status="PASS" start="2024-07-31T10:03:45.858193" elapsed="1.000238"/>
</kw>
<arg>${locator}</arg>
<status status="PASS" start="2024-07-31T10:03:45.811673" elapsed="1.046758"/>
</kw>
<arg>1x</arg>
<arg>2s</arg>
<arg>Click Element with Delay</arg>
<arg>${locator}</arg>
<doc>Runs the specified keyword and retries if it fails.</doc>
<status status="PASS" start="2024-07-31T10:03:45.811673" elapsed="1.046758"/>
</kw>
<arg>Wait Until Keyword Succeeds</arg>
<arg>1x</arg>
<arg>2s</arg>
<arg>Click Element with Delay</arg>
<arg>${locator}</arg>
<doc>Runs the given keyword with the given arguments and ignores possible error.</doc>
<status status="PASS" start="2024-07-31T10:03:45.810656" elapsed="1.047775"/>
</kw>
<arg>//*[text()='${distr_ch_C1}']/preceding-sibling::div/div/div</arg>
<status status="PASS" start="2024-07-31T10:03:45.810656" elapsed="1.047775"/>
</kw>
<kw name="Wait And Click Element Ignore Error" owner="common_art">
<kw name="Run Keyword And Ignore Error" owner="BuiltIn">
<kw name="Wait Until Keyword Succeeds" owner="BuiltIn">
<kw name="Click Element with Delay" owner="common_art">
<kw name="Click Element" owner="SeleniumLibrary">
<msg time="2024-07-31T10:03:46.859595" level="INFO">Clicking element '//*[text()='C2: DoHome/E-Commerce']/preceding-sibling::div/div/div'.</msg>
<arg>${locator}</arg>
<doc>Click the element identified by ``locator``.</doc>
<status status="PASS" start="2024-07-31T10:03:46.859595" elapsed="0.039780"/>
</kw>
<kw name="Sleep" owner="BuiltIn">
<msg time="2024-07-31T10:03:47.899624" level="INFO">Slept 1 second.</msg>
<arg>1s</arg>
<doc>Pauses the test executed for the given time.</doc>
<status status="PASS" start="2024-07-31T10:03:46.899375" elapsed="1.000249"/>
</kw>
<arg>${locator}</arg>
<status status="PASS" start="2024-07-31T10:03:46.859595" elapsed="1.040029"/>
</kw>
<arg>1x</arg>
<arg>2s</arg>
<arg>Click Element with Delay</arg>
<arg>${locator}</arg>
<doc>Runs the specified keyword and retries if it fails.</doc>
<status status="PASS" start="2024-07-31T10:03:46.859595" elapsed="1.040029"/>
</kw>
<arg>Wait Until Keyword Succeeds</arg>
<arg>1x</arg>
<arg>2s</arg>
<arg>Click Element with Delay</arg>
<arg>${locator}</arg>
<doc>Runs the given keyword with the given arguments and ignores possible error.</doc>
<status status="PASS" start="2024-07-31T10:03:46.859595" elapsed="1.040029"/>
</kw>
<arg>//*[text()='${distr_ch_C2}']/preceding-sibling::div/div/div</arg>
<status status="PASS" start="2024-07-31T10:03:46.858431" elapsed="1.041193"/>
</kw>
<kw name="Wait And Click Element Ignore Error" owner="common_art">
<kw name="Run Keyword And Ignore Error" owner="BuiltIn">
<kw name="Wait Until Keyword Succeeds" owner="BuiltIn">
<kw name="Click Element with Delay" owner="common_art">
<kw name="Click Element" owner="SeleniumLibrary">
<msg time="2024-07-31T10:03:47.900838" level="INFO">Clicking element '//*[text()='C3: DoHome/Event']/preceding-sibling::div/div/div'.</msg>
<arg>${locator}</arg>
<doc>Click the element identified by ``locator``.</doc>
<status status="PASS" start="2024-07-31T10:03:47.900838" elapsed="0.039670"/>
</kw>
<kw name="Sleep" owner="BuiltIn">
<msg time="2024-07-31T10:03:48.941147" level="INFO">Slept 1 second.</msg>
<arg>1s</arg>
<doc>Pauses the test executed for the given time.</doc>
<status status="PASS" start="2024-07-31T10:03:47.940508" elapsed="1.000639"/>
</kw>
<arg>${locator}</arg>
<status status="PASS" start="2024-07-31T10:03:47.900838" elapsed="1.040309"/>
</kw>
<arg>1x</arg>
<arg>2s</arg>
<arg>Click Element with Delay</arg>
<arg>${locator}</arg>
<doc>Runs the specified keyword and retries if it fails.</doc>
<status status="PASS" start="2024-07-31T10:03:47.900838" elapsed="1.040309"/>
</kw>
<arg>Wait Until Keyword Succeeds</arg>
<arg>1x</arg>
<arg>2s</arg>
<arg>Click Element with Delay</arg>
<arg>${locator}</arg>
<doc>Runs the given keyword with the given arguments and ignores possible error.</doc>
<status status="PASS" start="2024-07-31T10:03:47.900838" elapsed="1.040309"/>
</kw>
<arg>//*[text()='${distr_ch_C3}']/preceding-sibling::div/div/div</arg>
<status status="PASS" start="2024-07-31T10:03:47.899624" elapsed="1.041523"/>
</kw>
<kw name="Wait And Click Element" owner="common_art">
<kw name="Wait Until Keyword Succeeds" owner="BuiltIn">
<kw name="Click Element with Delay" owner="common_art">
<kw name="Click Element" owner="SeleniumLibrary">
<msg time="2024-07-31T10:03:48.943160" level="INFO">Clicking element '//body/div[2]/div[1]/div[2]/div[1]/div[2]/div[1]/div[1]/div[1]/div[1]/span[1]'.</msg>
<arg>${locator}</arg>
<doc>Click the element identified by ``locator``.</doc>
<status status="PASS" start="2024-07-31T10:03:48.942234" elapsed="0.521463"/>
</kw>
[...]
<status status="PASS" start="2024-07-31T10:07:06.973560" elapsed="0.085275"/>
</kw>
<kw name="Sleep" owner="BuiltIn">
<msg time="2024-07-31T10:07:08.060590" level="INFO">Slept 1 second.</msg>
<arg>1s</arg>
<doc>Pauses the test executed for the given time.</doc>
<status status="PASS" start="2024-07-31T10:07:07.060343" elapsed="1.000247"/>
</kw>
<arg>${locator}</arg>
<arg>${text}</arg>
<status status="PASS" start="2024-07-31T10:07:06.973560" elapsed="1.087030"/>
</kw>
<arg>5x</arg>
<arg>2s</arg>
<arg>Input Text with Delay</arg>
<arg>${locator}</arg>
<arg>${text}</arg>
<doc>Runs the specified keyword and retries if it fails.</doc>
<status status="PASS" start="2024-07-31T10:07:06.973560" elapsed="1.087030"/>
</kw>
<arg>//*[@name="caution"]/preceding-sibling::div[@class="dx-quill-container ql-container"]/div</arg>
<arg>${caution}</arg>
<status status="PASS" start="2024-07-31T10:07:06.973560" elapsed="1.087030"/>
</kw>
<kw name="Wait And Scroll Element Into View" owner="common_art">
<kw name="Wait Until Keyword Succeeds" owner="BuiltIn">
<kw name="Scroll Element Into View" owner="SeleniumLibrary">
<arg>${locator}</arg>
<doc>Scrolls the element identified by ``locator`` into view.</doc>
<status status="PASS" start="2024-07-31T10:07:08.061617" elapsed="0.296788"/>
</kw>
<arg>5x</arg>
<arg>2s</arg>
<arg>Scroll Element Into View</arg>
<arg>${locator}</arg>
<doc>Runs the specified keyword and retries if it fails.</doc>
<status status="PASS" start="2024-07-31T10:07:08.061617" elapsed="0.296788"/>
</kw>
<arg>//span[@class="MuiTypography-root MuiCardHeader-title MuiTypography-h5 MuiTypography-displayBlock"][text()='18. โลโก้สินค้า']</arg>
<status status="PASS" start="2024-07-31T10:07:08.061617" elapsed="0.296788"/>
</kw>
<kw name="Wait Until Keyword Succeeds" owner="BuiltIn">
<kw name="Choose File" owner="SeleniumLibrary">
<msg time="2024-07-31T10:07:08.359377" level="INFO">Sending C:\Automate_WEB\Clone_Article\resources\QA_กระเบื้อง_Batch02.png to browser.</msg>
<arg>//*[@id="img-product"]/following-sibling::div//input</arg>
<arg>${path_pic}</arg>
<doc>Inputs the ``file_path`` into the file input field ``locator``.</doc>
<status status="PASS" start="2024-07-31T10:07:08.359377" elapsed="0.068142"/>
</kw>
<arg>5x</arg>
<arg>2s</arg>
<arg>Choose File</arg>
<arg>//*[@id="img-product"]/following-sibling::div//input</arg>
<arg>${path_pic}</arg>
<doc>Runs the specified keyword and retries if it fails.</doc>
<status status="PASS" start="2024-07-31T10:07:08.359377" elapsed="0.068142"/>
</kw>
<kw name="Wait And Click Element" owner="common_art">
<kw name="Wait Until Keyword Succeeds" owner="BuiltIn">
<kw name="Click Element with Delay" owner="common_art">
<kw name="Click Element" owner="SeleniumLibrary">
<msg time="2024-07-31T10:07:08.429517" level="INFO">Clicking element '//*[text()='17. รูปภาพสินค้า']/ancestor::div[2]/following-sibling::div//input[@type="radio"]'.</msg>
<msg time="2024-07-31T10:07:08.588275" level="INFO" html="true">&lt;/td&gt;&lt;/tr&gt;&lt;tr&gt;&lt;td colspan="3"&gt;&lt;a href="selenium-screenshot-29.png"&gt;&lt;img src="selenium-screenshot-29.png" width="800px"&gt;&lt;/a&gt;</msg>
<msg time="2024-07-31T10:07:08.589258" level="FAIL">Element with locator '//*[text()='17. รูปภาพสินค้า']/ancestor::div[2]/following-sibling::div//input[@type="radio"]' not found.</msg>
<arg>${locator}</arg>
<doc>Click the element identified by ``locator``.</doc>
<status status="FAIL" start="2024-07-31T10:07:08.429517" elapsed="0.162741">Element with locator '//*[text()='17. รูปภาพสินค้า']/ancestor::div[2]/following-sibling::div//input[@type="radio"]' not found.</status>
</kw>
<kw name="Sleep" owner="BuiltIn">
<arg>1s</arg>
<doc>Pauses the test executed for the given time.</doc>
<status status="NOT RUN" start="2024-07-31T10:07:08.593259" elapsed="0.000000"/>
</kw>
<arg>${locator}</arg>
<status status="FAIL" start="2024-07-31T10:07:08.429517" elapsed="0.163742">Element with locator '//*[text()='17. รูปภาพสินค้า']/ancestor::div[2]/following-sibling::div//input[@type="radio"]' not found.</status>
</kw>
<kw name="Click Element with Delay" owner="common_art">
<kw name="Click Element" owner="SeleniumLibrary">
<msg time="2024-07-31T10:07:10.593990" level="INFO">Clicking element '//*[text()='17. รูปภาพสินค้า']/ancestor::div[2]/following-sibling::div//input[@type="radio"]'.</msg>
<arg>${locator}</arg>
<doc>Click the element identified by ``locator``.</doc>
<status status="PASS" start="2024-07-31T10:07:10.593990" elapsed="0.796067"/>
</kw>
<kw name="Sleep" owner="BuiltIn">
<msg time="2024-07-31T10:07:12.391434" level="INFO">Slept 1 second.</msg>
<arg>1s</arg>
<doc>Pauses the test executed for the given time.</doc>
<status status="PASS" start="2024-07-31T10:07:11.391057" elapsed="1.000377"/>
</kw>
<arg>${locator}</arg>
<status status="PASS" start="2024-07-31T10:07:10.593481" elapsed="1.797953"/>
</kw>
<arg>5x</arg>
<arg>2s</arg>
<arg>Click Element with Delay</arg>
<arg>${locator}</arg>
<doc>Runs the specified keyword and retries if it fails.</doc>
<status status="PASS" start="2024-07-31T10:07:08.428517" elapsed="3.962917"/>
</kw>
<arg>//*[text()='17. รูปภาพสินค้า']/ancestor::div[2]/following-sibling::div//input[@type="radio"]</arg>
<status status="PASS" start="2024-07-31T10:07:08.428517" elapsed="3.963943"/>
</kw>
<kw name="Wait And Click Element" owner="common_art">
<kw name="Wait Until Keyword Succeeds" owner="BuiltIn">
<kw name="Click Element with Delay" owner="common_art">
<kw name="Click Element" owner="SeleniumLibrary">
<msg time="2024-07-31T10:07:12.393460" level="INFO">Clicking element '//*[text()="Purchasing"]/..'.</msg>
<arg>${locator}</arg>
<doc>Click the element identified by ``locator``.</doc>
<status status="PASS" start="2024-07-31T10:07:12.393460" elapsed="0.224694"/>
</kw>
<kw name="Sleep" owner="BuiltIn">
<msg time="2024-07-31T10:07:13.618556" level="INFO">Slept 1 second.</msg>
<arg>1s</arg>
<doc>Pauses the test executed for the given time.</doc>
<status status="PASS" start="2024-07-31T10:07:12.618154" elapsed="1.000402"/>
</kw>
<arg>${locator}</arg>
<status status="PASS" start="2024-07-31T10:07:12.393460" elapsed="1.225096"/>
</kw>
<arg>5x</arg>
<arg>2s</arg>
<arg>Click Element with Delay</arg>
<arg>${locator}</arg>
<doc>Runs the specified keyword and retries if it fails.</doc>
<status status="PASS" start="2024-07-31T10:07:12.393460" elapsed="1.225096"/>
</kw>
<arg>//*[text()="Purchasing"]/..</arg>
<status status="PASS" start="2024-07-31T10:07:12.392460" elapsed="1.226096"/>
</kw>
<kw name="Wait And Wait Until Element Is Visible" owner="common_art">
<kw name="Wait Until Keyword Succeeds" owner="BuiltIn">
<kw name="Wait Until Element Is Visible" owner="SeleniumLibrary">
<arg>${locator}</arg>
<doc>Waits until the element ``locator`` is visible.</doc>
<status status="PASS" start="2024-07-31T10:07:13.619560" elapsed="0.018829"/>
</kw>
<arg>5x</arg>
<arg>2s</arg>
<arg>Wait Until Element Is Visible</arg>
<arg>${locator}</arg>
<doc>Runs the specified keyword and retries if it fails.</doc>
<status status="PASS" start="2024-07-31T10:07:13.619560" elapsed="0.018829"/>
</kw>
<arg>//*[text()="ข้อมูลของ Vendor"]</arg>
<status status="PASS" start="2024-07-31T10:07:13.618556" elapsed="0.019833"/>
</kw>
<kw name="Wait And Clear Element Text" owner="common_art">
<kw name="Wait Until Keyword Succeeds" owner="BuiltIn">
<kw name="Clear Element Text" owner="SeleniumLibrary">
<arg>${locator}</arg>
<doc>Clears the value of the text-input-element identified by ``locator``.</doc>
<status status="PASS" start="2024-07-31T10:07:13.639433" elapsed="0.028364"/>
</kw>
<arg>5x</arg>
<arg>2s</arg>
<arg>Clear Element Text</arg>
<arg>${locator}</arg>
<doc>Runs the specified keyword and retries if it fails.</doc>
<status status="PASS" start="2024-07-31T10:07:13.639433" elapsed="0.029366"/>
</kw>
<arg>//input[@name="lead_time"]/following-sibling::div/div/input</arg>
<status status="PASS" start="2024-07-31T10:07:13.639433" elapsed="0.029366"/>
</kw>
<kw name="Wait And Input Text with Delay" owner="common_art">
<kw name="Wait Until Keyword Succeeds" owner="BuiltIn">
<kw name="Input Text with Delay" owner="common_art">
<kw name="Input Text" owner="SeleniumLibrary">
<msg time="2024-07-31T10:07:13.669799" level="INFO">Typing text '15' into text field '//input[@name="lead_time"]/following-sibling::div/div/input'.</msg>
<arg>${locator}</arg>
<arg>${text}</arg>
<doc>Types the given ``text`` into the text field identified by ``locator``.</doc>
<status status="PASS" start="2024-07-31T10:07:13.669799" elapsed="0.054272"/>
</kw>
<kw name="Sleep" owner="BuiltIn">
<msg time="2024-07-31T10:07:14.724514" level="INFO">Slept 1 second.</msg>
<arg>1s</arg>
<doc>Pauses the test executed for the given time.</doc>
<status status="PASS" start="2024-07-31T10:07:13.724071" elapsed="1.000443"/>
</kw>
<arg>${locator}</arg>
<arg>${text}</arg>
<status status="PASS" start="2024-07-31T10:07:13.668799" elapsed="1.056238"/>
</kw>
<arg>5x</arg>
<arg>2s</arg>
<arg>Input Text with Delay</arg>
<arg>${locator}</arg>
<arg>${text}</arg>
<doc>Runs the specified keyword and retries if it fails.</doc>
<status status="PASS" start="2024-07-31T10:07:13.668799" elapsed="1.056238"/>
</kw>
<arg>//input[@name="lead_time"]/following-sibling::div/div/input</arg>
<arg>${lead_time}</arg>
<status status="PASS" start="2024-07-31T10:07:13.668799" elapsed="1.056238"/>
</kw>
<kw name="Wait And Press Keys" owner="common_art">
<kw name="Wait Until Keyword Succeeds" owner="BuiltIn">
<kw name="Press Keys" owner="SeleniumLibrary">
<msg time="2024-07-31T10:07:14.726053" level="INFO">Sending key(s) ('ARROW_DOWN',) to //input[@name="lead_time"]/following-sibling::div/div/input element.</msg>
<msg time="2024-07-31T10:07:15.002733" level="INFO">Pressing special key ARROW_DOWN to element.</msg>
<msg time="2024-07-31T10:07:15.002733" level="INFO">Releasing special key ARROW_DOWN.</msg>
<arg>${locator}</arg>
<arg>${keys}</arg>
<doc>Simulates the user pressing key(s) to an element or on the active browser.</doc>
<status status="PASS" start="2024-07-31T10:07:14.726053" elapsed="0.281507"/>
</kw>
<arg>5x</arg>
<arg>2s</arg>
<arg>Press Keys</arg>
<arg>${locator}</arg>
<arg>${keys}</arg>
<doc>Runs the specified keyword and retries if it fails.</doc>
<status status="PASS" start="2024-07-31T10:07:14.726053" elapsed="0.281507"/>
</kw>
<arg>//input[@name="lead_time"]/following-sibling::div/div/input</arg>
<arg>ARROW_DOWN</arg>
<status status="PASS" start="2024-07-31T10:07:14.725037" elapsed="0.282523"/>
</kw>
<kw name="Wait And Press Keys" owner="common_art">
<kw name="Wait Until Keyword Succeeds" owner="BuiltIn">
<kw name="Press Keys" owner="SeleniumLibrary">
<msg time="2024-07-31T10:07:15.008559" level="INFO">Sending key(s) ('ENTER',) to //input[@name="lead_time"]/following-sibling::div/div/input element.</msg>
<msg time="2024-07-31T10:07:15.280290" level="INFO">Pressing special key ENTER to element.</msg>
<msg time="2024-07-31T10:07:15.280290" level="INFO">Releasing special key ENTER.</msg>
<arg>${locator}</arg>
<arg>${keys}</arg>
<doc>Simulates the user pressing key(s) to an element or on the active browser.</doc>
<status status="PASS" start="2024-07-31T10:07:15.008559" elapsed="0.277745"/>
</kw>
<arg>5x</arg>
<arg>2s</arg>
<arg>Press Keys</arg>
<arg>${locator}</arg>
<arg>${keys}</arg>
<doc>Runs the specified keyword and retries if it fails.</doc>
<status status="PASS" start="2024-07-31T10:07:15.008559" elapsed="0.278825"/>
</kw>
<arg>//input[@name="lead_time"]/following-sibling::div/div/input</arg>
<arg>ENTER</arg>
<status status="PASS" start="2024-07-31T10:07:15.007560" elapsed="0.279824"/>
</kw>
<kw name="Wait And Clear Element Text" owner="common_art">
<kw name="Wait Until Keyword Succeeds" owner="BuiltIn">
<kw name="Clear Element Text" owner="SeleniumLibrary">
<arg>${locator}</arg>
<doc>Clears the value of the text-input-element identified by ``locator``.</doc>
<status status="PASS" start="2024-07-31T10:07:15.287384" elapsed="0.025159"/>
</kw>
<arg>5x</arg>
<arg>2s</arg>
<arg>Clear Element Text</arg>
<arg>${locator}</arg>
<doc>Runs the specified keyword and retries if it fails.</doc>
<status status="PASS" start="2024-07-31T10:07:15.287384" elapsed="0.025159"/>
</kw>
<arg>//input[@name="return_defective"]/following-sibling::div/div/input</arg>
<status status="PASS" start="2024-07-31T10:07:15.287384" elapsed="0.025159"/>
</kw>
<kw name="Wait And Input Text with Delay" owner="common_art">
<kw name="Wait Until Keyword Succeeds" owner="BuiltIn">
<kw name="Input Text with Delay" owner="common_art">
<kw name="Input Text" owner="SeleniumLibrary">
<msg time="2024-07-31T10:07:15.313547" level="INFO">Typing text '6: คืนได้ - ส่งรถโรงงาน-รอCN' into text field '//input[@name="return_defective"]/following-sibling::div/div/input'.</msg>
<arg>${locator}</arg>
<arg>${text}</arg>
<doc>Types the given ``text`` into the text field identified by ``locator``.</doc>
<status status="PASS" start="2024-07-31T10:07:15.313547" elapsed="0.076713"/>
</kw>
<kw name="Sleep" owner="BuiltIn">
<msg time="2024-07-31T10:07:16.390762" level="INFO">Slept 1 second.</msg>
<arg>1s</arg>
<doc>Pauses the test executed for the given time.</doc>
<status status="PASS" start="2024-07-31T10:07:15.390260" elapsed="1.000502"/>
</kw>
<arg>${locator}</arg>
<arg>${text}</arg>
<status status="PASS" start="2024-07-31T10:07:15.313547" elapsed="1.077215"/>
</kw>
<arg>5x</arg>
<arg>2s</arg>
<arg>Input Text with Delay</arg>
<arg>${locator}</arg>
<arg>${text}</arg>
<doc>Runs the specified keyword and retries if it fails.</doc>
<status status="PASS" start="2024-07-31T10:07:15.313547" elapsed="1.077215"/>
</kw>
<arg>//input[@name="return_defective"]/following-sibling::div/div/input</arg>
<arg>${return_defective}</arg>
<status status="PASS" start="2024-07-31T10:07:15.313547" elapsed="1.077215"/>
</kw>
<kw name="Wait And Press Keys" owner="common_art">
<kw name="Wait Until Keyword Succeeds" owner="BuiltIn">
<kw name="Press Keys" owner="SeleniumLibrary">
<msg time="2024-07-31T10:07:16.392779" level="INFO">Sending key(s) ('ARROW_DOWN',) to //input[@name="return_defective"]/following-sibling::div/div/input element.</msg>
<msg time="2024-07-31T10:07:16.672620" level="INFO">Pressing special key ARROW_DOWN to element.</msg>
<msg time="2024-07-31T10:07:16.672620" level="INFO">Releasing special key ARROW_DOWN.</msg>
<arg>${locator}</arg>
<arg>${keys}</arg>
<doc>Simulates the user pressing key(s) to an element or on the active browser.</doc>
<status status="PASS" start="2024-07-31T10:07:16.391778" elapsed="0.291728"/>
</kw>
<arg>5x</arg>
<arg>2s</arg>
<arg>Press Keys</arg>
<arg>${locator}</arg>
<arg>${keys}</arg>
<doc>Runs the specified keyword and retries if it fails.</doc>
<status status="PASS" start="2024-07-31T10:07:16.391778" elapsed="0.291728"/>
</kw>
<arg>//input[@name="return_defective"]/following-sibling::div/div/input</arg>
<arg>ARROW_DOWN</arg>
<status status="PASS" start="2024-07-31T10:07:16.390762" elapsed="0.292744"/>
</kw>
<kw name="Wait And Press Keys" owner="common_art">
<kw name="Wait Until Keyword Succeeds" owner="BuiltIn">
<kw name="Press Keys" owner="SeleniumLibrary">
<msg time="2024-07-31T10:07:16.685102" level="INFO">Sending key(s) ('ENTER',) to //input[@name="return_defective"]/following-sibling::div/div/input element.</msg>
<msg time="2024-07-31T10:07:16.971332" level="INFO">Pressing special key ENTER to element.</msg>
<msg time="2024-07-31T10:07:16.971332" level="INFO">Releasing special key ENTER.</msg>
<arg>${locator}</arg>
<arg>${keys}</arg>
<doc>Simulates the user pressing key(s) to an element or on the active browser.</doc>
<status status="PASS" start="2024-07-31T10:07:16.685102" elapsed="0.295332"/>
</kw>
<arg>5x</arg>
<arg>2s</arg>
<arg>Press Keys</arg>
<arg>${locator}</arg>
<arg>${keys}</arg>
<doc>Runs the specified keyword and retries if it fails.</doc>
<status status="PASS" start="2024-07-31T10:07:16.685102" elapsed="0.295332"/>
</kw>
<arg>//input[@name="return_defective"]/following-sibling::div/div/input</arg>
<arg>ENTER</arg>
<status status="PASS" start="2024-07-31T10:07:16.685011" elapsed="0.295423"/>
</kw>
<kw name="Wait And Scroll Element Into View" owner="common_art">
<kw name="Wait Until Keyword Succeeds" owner="BuiltIn">
<kw name="Scroll Element Into View" owner="SeleniumLibrary">
<arg>${locator}</arg>
<doc>Scrolls the element identified by ``locator`` into view.</doc>
<status status="PASS" start="2024-07-31T10:07:16.981434" elapsed="0.289860"/>
</kw>
<arg>5x</arg>
<arg>2s</arg>
<arg>Scroll Element Into View</arg>
<arg>${locator}</arg>
<doc>Runs the specified keyword and retries if it fails.</doc>
<status status="PASS" start="2024-07-31T10:07:16.981434" elapsed="0.289949"/>
</kw>
<arg>//span[@class="dx-field-item-label-text"][text()="หน่วยของราคาทุน (Base Unit)."]</arg>
<status status="PASS" start="2024-07-31T10:07:16.980434" elapsed="0.290949"/>
</kw>
<kw name="Wait And Clear Element Text" owner="common_art">
<kw name="Wait Until Keyword Succeeds" owner="BuiltIn">
<kw name="Clear Element Text" owner="SeleniumLibrary">
<arg>${locator}</arg>
<doc>Clears the value of the text-input-element identified by ``locator``.</doc>
<status status="PASS" start="2024-07-31T10:07:17.271383" elapsed="0.025907"/>
</kw>
<arg>5x</arg>
<arg>2s</arg>
<arg>Clear Element Text</arg>
<arg>${locator}</arg>
<doc>Runs the specified keyword and retries if it fails.</doc>
<status status="PASS" start="2024-07-31T10:07:17.271383" elapsed="0.025907"/>
</kw>
<arg>//input[@name="net_cost_price"]/following-sibling::div/div/input</arg>
<status status="PASS" start="2024-07-31T10:07:17.271383" elapsed="0.025907"/>
</kw>
<kw name="Wait And Input Text with Delay" owner="common_art">
<kw name="Wait Until Keyword Succeeds" owner="BuiltIn">
<kw name="Input Text with Delay" owner="common_art">
<kw name="Input Text" owner="SeleniumLibrary">
<msg time="2024-07-31T10:07:17.298300" level="INFO">Typing text '0' into text field '//input[@name="net_cost_price"]/following-sibling::div/div/input'.</msg>
<arg>${locator}</arg>
<arg>${text}</arg>
<doc>Types the given ``text`` into the text field identified by ``locator``.</doc>
<status status="PASS" start="2024-07-31T10:07:17.298300" elapsed="0.053367"/>
</kw>
<kw name="Sleep" owner="BuiltIn">
<msg time="2024-07-31T10:07:18.353244" level="INFO">Slept 1 second.</msg>
<arg>1s</arg>
<doc>Pauses the test executed for the given time.</doc>
<status status="PASS" start="2024-07-31T10:07:17.352666" elapsed="1.000578"/>
</kw>
<arg>${locator}</arg>
<arg>${text}</arg>
<status status="PASS" start="2024-07-31T10:07:17.298300" elapsed="1.054944"/>
</kw>
<arg>5x</arg>
<arg>2s</arg>
<arg>Input Text with Delay</arg>
<arg>${locator}</arg>
<arg>${text}</arg>
<doc>Runs the specified keyword and retries if it fails.</doc>
<status status="PASS" start="2024-07-31T10:07:17.298300" elapsed="1.054944"/>
</kw>
<arg>//input[@name="net_cost_price"]/following-sibling::div/div/input</arg>
<arg>${net_cost_price}</arg>
<status status="PASS" start="2024-07-31T10:07:17.297290" elapsed="1.055954"/>
</kw>
<kw name="Wait And Press Keys" owner="common_art">
<kw name="Wait Until Keyword Succeeds" owner="BuiltIn">
<kw name="Press Keys" owner="SeleniumLibrary">
<msg time="2024-07-31T10:07:18.354976" level="INFO">Sending key(s) ('ARROW_DOWN',) to //input[@name="net_cost_price"]/following-sibling::div/div/input element.</msg>
<msg time="2024-07-31T10:07:18.632459" level="INFO">Pressing special key ARROW_DOWN to element.</msg>
<msg time="2024-07-31T10:07:18.633461" level="INFO">Releasing special key ARROW_DOWN.</msg>
<arg>${locator}</arg>
<arg>${keys}</arg>
<doc>Simulates the user pressing key(s) to an element or on the active browser.</doc>
<status status="PASS" start="2024-07-31T10:07:18.354389" elapsed="0.318745"/>
</kw>
<arg>5x</arg>
<arg>2s</arg>
<arg>Press Keys</arg>
<arg>${locator}</arg>
<arg>${keys}</arg>
<doc>Runs the specified keyword and retries if it fails.</doc>
<status status="PASS" start="2024-07-31T10:07:18.354389" elapsed="0.318745"/>
</kw>
<arg>