<?xml version="1.0" encoding="UTF-8"?>
<robot generator="Robot 7.0 (Python 3.11.5 on win32)" generated="2024-08-01T11:12:27.547417" rpa="false" schemaversion="5">
<suite id="s1" name="Create Article Good Return" source="c:\Automate_WEB\Clone_Article\testcases\Create_Article_Good_Return.robot">
<test id="s1-t1" name="Create Article Good Return" line="11">
<kw name="Login dohome and click web art(Create)" owner="common_art" type="SETUP">
<kw name="Open browser web url" owner="common_art">
<kw name="Open Browser" owner="SeleniumLibrary">
<msg time="2024-08-01T11:12:27.882270" level="INFO">Opening browser 'chrome' to base url 'https://web-dohome-center-uat.dohome.technology/app/home'.</msg>
<msg time="2024-08-01T11:12:28.222293" level="WARN">The chromedriver version (127.0.6533.72) detected in PATH at C:\Users\saknarin.som\AppData\Local\Programs\Python\Python311\Scripts\chromedriver.exe might not be compatible with the detected chrome version (127.0.6533.72); currently, chromedriver 127.0.6533.88 is recommended for chrome 127.*, so it is advised to delete the driver in PATH and retry</msg>
<arg>${url}</arg>
<arg>browser=${browserName}</arg>
<arg>options=binary_location=r"C:\\chrome-win64\\chrome.exe"</arg>
<doc>Opens a new browser instance to the optional ``url``.</doc>
<status status="PASS" start="2024-08-01T11:12:27.882270" elapsed="2.097770"/>
</kw>
<arg>${url_dohome}</arg>
<arg>chrome</arg>
<status status="PASS" start="2024-08-01T11:12:27.882270" elapsed="2.097770"/>
</kw>
<kw name="Maximize Browser Window" owner="SeleniumLibrary">
<doc>Maximizes current browser window.</doc>
<status status="PASS" start="2024-08-01T11:12:29.980040" elapsed="0.038389"/>
</kw>
<kw name="Set Window Position" owner="SeleniumLibrary">
<arg>1920</arg>
<arg>0</arg>
<doc>Sets window position using ``x`` and ``y`` coordinates.</doc>
<status status="PASS" start="2024-08-01T11:12:30.018429" elapsed="0.042998"/>
</kw>
<kw name="Set Window Size" owner="SeleniumLibrary">
<arg>1920</arg>
<arg>1080</arg>
<doc>Sets current windows size to given ``width`` and ``height``.</doc>
<status status="PASS" start="2024-08-01T11:12:30.062498" elapsed="0.030062"/>
</kw>
<kw name="Wait Until Keyword Succeeds" owner="BuiltIn">
<kw name="Wait Until Element Contains" owner="SeleniumLibrary">
<arg>//button[text()='เข้าสู่ระบบ']</arg>
<arg>เข้าสู่ระบบ</arg>
<doc>Waits until the element ``locator`` contains ``text``.</doc>
<status status="PASS" start="2024-08-01T11:12:30.093560" elapsed="0.564505"/>
</kw>
<arg>5x</arg>
<arg>2s</arg>
<arg>Wait Until Element Contains</arg>
<arg>//button[text()='เข้าสู่ระบบ']</arg>
<arg>เข้าสู่ระบบ</arg>
<doc>Runs the specified keyword and retries if it fails.</doc>
<status status="PASS" start="2024-08-01T11:12:30.093560" elapsed="0.564505"/>
</kw>
<kw name="Wait Until Keyword Succeeds" owner="BuiltIn">
<kw name="Click Element with Delay" owner="common_art">
<kw name="Click Element" owner="SeleniumLibrary">
<msg time="2024-08-01T11:12:30.660066" level="INFO">Clicking element '//button[text()='เข้าสู่ระบบ']'.</msg>
<arg>${locator}</arg>
<doc>Click the element identified by ``locator``.</doc>
<status status="PASS" start="2024-08-01T11:12:30.660066" elapsed="0.333102"/>
</kw>
<kw name="Sleep" owner="BuiltIn">
<msg time="2024-08-01T11:12:31.994527" level="INFO">Slept 1 second.</msg>
<arg>1s</arg>
<doc>Pauses the test executed for the given time.</doc>
<status status="PASS" start="2024-08-01T11:12:30.994178" elapsed="1.000349"/>
</kw>
<arg>//button[text()='เข้าสู่ระบบ']</arg>
<status status="PASS" start="2024-08-01T11:12:30.659067" elapsed="1.335965"/>
</kw>
<arg>5x</arg>
<arg>2s</arg>
<arg>Click Element with Delay</arg>
<arg>//button[text()='เข้าสู่ระบบ']</arg>
<doc>Runs the specified keyword and retries if it fails.</doc>
<status status="PASS" start="2024-08-01T11:12:30.659067" elapsed="1.335965"/>
</kw>
<kw name="Wait Until Keyword Succeeds" owner="BuiltIn">
<kw name="Wait Until Element Contains" owner="SeleniumLibrary">
<arg>//*[@class="text-2xl text-primary font-bold"]</arg>
<arg>เข้าสู่ระบบ</arg>
<doc>Waits until the element ``locator`` contains ``text``.</doc>
<status status="PASS" start="2024-08-01T11:12:31.995032" elapsed="0.234620"/>
</kw>
<arg>5x</arg>
<arg>2s</arg>
<arg>Wait Until Element Contains</arg>
<arg>//*[@class="text-2xl text-primary font-bold"]</arg>
<arg>เข้าสู่ระบบ</arg>
<doc>Runs the specified keyword and retries if it fails.</doc>
<status status="PASS" start="2024-08-01T11:12:31.995032" elapsed="0.234620"/>
</kw>
<kw name="Wait Until Keyword Succeeds" owner="BuiltIn">
<kw name="Click Element with Delay" owner="common_art">
<kw name="Click Element" owner="SeleniumLibrary">
<msg time="2024-08-01T11:12:32.230653" level="INFO">Clicking element '//input[@name="username"]'.</msg>
<arg>${locator}</arg>
<doc>Click the element identified by ``locator``.</doc>
<status status="PASS" start="2024-08-01T11:12:32.230653" elapsed="0.045512"/>
</kw>
<kw name="Sleep" owner="BuiltIn">
<msg time="2024-08-01T11:12:33.277399" level="INFO">Slept 1 second.</msg>
<arg>1s</arg>
<doc>Pauses the test executed for the given time.</doc>
<status status="PASS" start="2024-08-01T11:12:32.277163" elapsed="1.000236"/>
</kw>
<arg>//input[@name="username"]</arg>
<status status="PASS" start="2024-08-01T11:12:32.230653" elapsed="1.046746"/>
</kw>
<arg>5x</arg>
<arg>2s</arg>
<arg>Click Element with Delay</arg>
<arg>//input[@name="username"]</arg>
<doc>Runs the specified keyword and retries if it fails.</doc>
<status status="PASS" start="2024-08-01T11:12:32.229652" elapsed="1.047747"/>
</kw>
<kw name="Wait Until Keyword Succeeds" owner="BuiltIn">
<kw name="Input Text with Delay" owner="common_art">
<kw name="Input Text" owner="SeleniumLibrary">
<msg time="2024-08-01T11:12:33.278676" level="INFO">Typing text '123456' into text field '//input[@name="username"]'.</msg>
<arg>${locator}</arg>
<arg>${text}</arg>
<doc>Types the given ``text`` into the text field identified by ``locator``.</doc>
<status status="PASS" start="2024-08-01T11:12:33.278676" elapsed="0.072554"/>
</kw>
<kw name="Sleep" owner="BuiltIn">
<msg time="2024-08-01T11:12:34.352765" level="INFO">Slept 1 second.</msg>
<arg>1s</arg>
<doc>Pauses the test executed for the given time.</doc>
<status status="PASS" start="2024-08-01T11:12:33.352230" elapsed="1.000535"/>
</kw>
<arg>//input[@name="username"]</arg>
<arg>${user_create}</arg>
<status status="PASS" start="2024-08-01T11:12:33.277399" elapsed="1.075366"/>
</kw>
<arg>5x</arg>
<arg>2s</arg>
<arg>Input Text with Delay</arg>
<arg>//input[@name="username"]</arg>
<arg>${user_create}</arg>
<doc>Runs the specified keyword and retries if it fails.</doc>
<status status="PASS" start="2024-08-01T11:12:33.277399" elapsed="1.075366"/>
</kw>
<kw name="Wait Until Keyword Succeeds" owner="BuiltIn">
<kw name="Click Element with Delay" owner="common_art">
<kw name="Click Element" owner="SeleniumLibrary">
<msg time="2024-08-01T11:12:34.354874" level="INFO">Clicking element '//input[@name="password"]'.</msg>
<arg>${locator}</arg>
<doc>Click the element identified by ``locator``.</doc>
<status status="PASS" start="2024-08-01T11:12:34.354874" elapsed="0.041429"/>
</kw>
<kw name="Sleep" owner="BuiltIn">
<msg time="2024-08-01T11:12:35.397787" level="INFO">Slept 1 second.</msg>
<arg>1s</arg>
<doc>Pauses the test executed for the given time.</doc>
<status status="PASS" start="2024-08-01T11:12:34.397303" elapsed="1.000484"/>
</kw>
<arg>//input[@name="password"]</arg>
<status status="PASS" start="2024-08-01T11:12:34.353865" elapsed="1.043922"/>
</kw>
<arg>5x</arg>
<arg>2s</arg>
<arg>Click Element with Delay</arg>
<arg>//input[@name="password"]</arg>
<doc>Runs the specified keyword and retries if it fails.</doc>
<status status="PASS" start="2024-08-01T11:12:34.353865" elapsed="1.043922"/>
</kw>
<kw name="Wait Until Keyword Succeeds" owner="BuiltIn">
<kw name="Input Text with Delay" owner="common_art">
<kw name="Input Text" owner="SeleniumLibrary">
<msg time="2024-08-01T11:12:35.398383" level="INFO">Typing text 'D0h0me*1' into text field '//input[@name="password"]'.</msg>
<arg>${locator}</arg>
<arg>${text}</arg>
<doc>Types the given ``text`` into the text field identified by ``locator``.</doc>
<status status="PASS" start="2024-08-01T11:12:35.398383" elapsed="0.060941"/>
</kw>
<kw name="Sleep" owner="BuiltIn">
<msg time="2024-08-01T11:12:36.460657" level="INFO">Slept 1 second.</msg>
<arg>1s</arg>
<doc>Pauses the test executed for the given time.</doc>
<status status="PASS" start="2024-08-01T11:12:35.460324" elapsed="1.000333"/>
</kw>
<arg>//input[@name="password"]</arg>
<arg>${pass}</arg>
<status status="PASS" start="2024-08-01T11:12:35.398383" elapsed="1.062859"/>
</kw>
<arg>5x</arg>
<arg>2s</arg>
<arg>Input Text with Delay</arg>
<arg>//input[@name="password"]</arg>
<arg>${pass}</arg>
<doc>Runs the specified keyword and retries if it fails.</doc>
<status status="PASS" start="2024-08-01T11:12:35.398383" elapsed="1.062859"/>
</kw>
<kw name="Wait Until Keyword Succeeds" owner="BuiltIn">
<kw name="Click Element with Delay" owner="common_art">
<kw name="Click Element" owner="SeleniumLibrary">
<msg time="2024-08-01T11:12:36.462326" level="INFO">Clicking element '//button[@type="submit"][ text()='เข้าสู่ระบบ']'.</msg>
<arg>${locator}</arg>
<doc>Click the element identified by ``locator``.</doc>
<status status="PASS" start="2024-08-01T11:12:36.462326" elapsed="0.046828"/>
</kw>
<kw name="Sleep" owner="BuiltIn">
<msg time="2024-08-01T11:12:37.510447" level="INFO">Slept 1 second.</msg>
<arg>1s</arg>
<doc>Pauses the test executed for the given time.</doc>
<status status="PASS" start="2024-08-01T11:12:36.509154" elapsed="1.001293"/>
</kw>
<arg>//button[@type="submit"][ text()='เข้าสู่ระบบ']</arg>
<status status="PASS" start="2024-08-01T11:12:36.461242" elapsed="1.049205"/>
</kw>
<arg>5x</arg>
<arg>2s</arg>
<arg>Click Element with Delay</arg>
<arg>//button[@type="submit"][ text()='เข้าสู่ระบบ']</arg>
<doc>Runs the specified keyword and retries if it fails.</doc>
<status status="PASS" start="2024-08-01T11:12:36.461242" elapsed="1.049205"/>
</kw>
<kw name="Wait Until Keyword Succeeds" owner="BuiltIn">
<kw name="Click Element with Delay" owner="common_art">
<kw name="Click Element" owner="SeleniumLibrary">
<msg time="2024-08-01T11:12:37.511459" level="INFO">Clicking element '//*[@aria-label="ระบบจัดการข้อมูลสินค้า"]'.</msg>
<msg time="2024-08-01T11:12:39.198632" level="INFO" html="true">&lt;/td&gt;&lt;/tr&gt;&lt;tr&gt;&lt;td colspan="3"&gt;&lt;a href="selenium-screenshot-122.png"&gt;&lt;img src="selenium-screenshot-122.png" width="800px"&gt;&lt;/a&gt;</msg>
<msg time="2024-08-01T11:12:39.199631" level="FAIL">ElementClickInterceptedException: Message: element click intercepted: Element &lt;a class="relative inline-flex items-center tap-highlight-transparent outline-none data-[focus-visible=true]:z-10 data-[focus-visible=true]:outline-2 data-[focus-visible=true]:outline-focus data-[focus-visible=true]:outline-offset-2 no-underline hover:opacity-80 active:opacity-disabled transition-opacity text-xs line-clamp-1 text-primary" aria-label="ระบบจัดการข้อมูลสินค้า" role="link" href="https://web-article-master-uat.dohome.technology/?i=0bed88eee2fa50a38ecf6023ae2a829595acaf0f08aa0eac8756a39dc0184578CL7rreEiOKOg1DHLKFylEoQukBJIklen36/tTJqePV3mm9Wyb8Y+FVeGW3FgH8UNEffj9MWNxuijWiMvp2zOqTKdVDdIFf/UQdoyJ3Aam0fziBrsIBo/D9q5eWnJWa9jhkvEI9cnqVt067icMeTbJdCaeN0suSsBiq5uODvcG36tJ/9gYD8Q2NpbtjMBGK3VLmURf7EYKp+O5BPd3WdZ5zYSFom+P/Xo17vRInIhr+oxkam86S/t4x1wdcJN+cUUDbsiX+DPUlsHvOFGJM3wS9jHF20oIITw+c/XROXYPDR4wIan6xfEJ4eeRDBvW1KA5G7NjN/HLejV3aV5vFzVr7ZcHB1uGoewTXYaNRw9owYwhPXLuiWuml2oOAwNhR+34NZouAXTOc1cmytF97wLRzfb/wgwxiqFG2Uf76+naHg5DfYR0IEdSaiBtJiH/Lnd" target="_blank" tabindex="0"&gt;...&lt;/a&gt; is not clickable at point (943, 872). Other element would receive the click: &lt;div class="flex w-screen h-[100dvh] fixed inset-0 z-50 overflow-x-auto justify-center [--scale-enter:100%] [--scale-exit:100%] [--slide-enter:0px] [--slide-exit:80px] sm:[--scale-enter:100%] sm:[--scale-exit:103%] sm:[--slide-enter:0px] sm:[--slide-exit:0px] items-end sm:items-center" style="opacity: 1; transform: translateY(0px) scale(1.00162) translateZ(0px);"&gt;...&lt;/div&gt;
  (Session info: chrome=127.0.6533.72)
Stacktrace:
	GetHandleVerifier [0x00007FF7A83A9632+30946]
	(No symbol) [0x00007FF7A835E3C9]
	(No symbol) [0x00007FF7A8256FDA]
	(No symbol) [0x00007FF7A82AFEEE]
	(No symbol) [0x00007FF7A82AD962]
	(No symbol) [0x00007FF7A82AAE7B]
	(No symbol) [0x00007FF7A82AA095]
	(No symbol) [0x00007FF7A829C271]
	(No symbol) [0x00007FF7A82CCA6A]
	(No symbol) [0x00007FF7A829BBB6]
	(No symbol) [0x00007FF7A82CCC80]
	(No symbol) [0x00007FF7A82EB041]
	(No symbol) [0x00007FF7A82CC813]
	(No symbol) [0x00007FF7A829A6E5]
	(No symbol) [0x00007FF7A829B021]
	GetHandleVerifier [0x00007FF7A84DF83D+1301229]
	GetHandleVerifier [0x00007FF7A84EBDB7+1351783]
	GetHandleVerifier [0x00007FF7A84E2A03+1313971]
	GetHandleVerifier [0x00007FF7A83DDD06+245686]
	(No symbol) [0x00007FF7A836758F]
	(No symbol) [0x00007FF7A8363804]
	(No symbol) [0x00007FF7A8363992]
	(No symbol) [0x00007FF7A835A3EF]
	BaseThreadInitThunk [0x00007FFEB4C2257D+29]
	RtlUserThreadStart [0x00007FFEB644AF28+40]
</msg>
<arg>${locator}</arg>
<doc>Click the element identified by ``locator``.</doc>
<status status="FAIL" start="2024-08-01T11:12:37.511459" elapsed="1.721040">ElementClickInterceptedException: Message: element click intercepted: Element &lt;a class="relative inline-flex items-center tap-highlight-transparent outline-none data-[focus-visible=true]:z-10 data-[focus-visible=true]:outline-2 data-[focus-visible=true]:outline-focus data-[focus-visible=true]:outline-offset-2 no-underline hover:opacity-80 active:opacity-disabled transition-opacity text-xs line-clamp-1 text-primary" aria-label="ระบบจัดการข้อมูลสินค้า" role="link" href="https://web-article-master-uat.dohome.technology/?i=0bed88eee2fa50a38ecf6023ae2a829595acaf0f08aa0eac8756a39dc0184578CL7rreEiOKOg1DHLKFylEoQukBJIklen36/tTJqePV3mm9Wyb8Y+FVeGW3FgH8UNEffj9MWNxuijWiMvp2zOqTKdVDdIFf/UQdoyJ3Aam0fziBrsIBo/D9q5eWnJWa9jhkvEI9cnqVt067icMeTbJdCaeN0suSsBiq5uODvcG36tJ/9gYD8Q2NpbtjMBGK3VLmURf7EYKp+O5BPd3WdZ5zYSFom+P/Xo17vRInIhr+oxkam86S/t4x1wdcJN+cUUDbsiX+DPUlsHvOFGJM3wS9jHF20oIITw+c/XROXYPDR4wIan6xfEJ4eeRDBvW1KA5G7NjN/HLejV3aV5vFzVr7ZcHB1uGoewTXYaNRw9owYwhPXLuiWuml2oOAwNhR+34NZouAXTOc1cmytF97wLRzfb/wgwxiqFG2Uf76+naHg5DfYR0IEdSaiBtJiH/Lnd" target="_blank" tabindex="0"&gt;...&lt;/a&gt; is not clickable at point (943, 872). Other element would receive the click: &lt;div class="flex w-screen h-[100dvh] fixed inset-0 z-50 overflow-x-auto justify-center [--scale-enter:100%] [--scale-exit:100%] [--slide-enter:0px] [--slide-exit:80px] sm:[--scale-enter:100%] sm:[--scale-exit:103%] sm:[--slide-enter:0px] sm:[--slide-exit:0px] items-end sm:items-center" style="opacity: 1; transform: translateY(0px) scale(1.00162) translateZ(0px);"&gt;...&lt;/div&gt;
    [ Message content over the limit has been removed. ]
	(No symbol) [0x00007FF7A82AAE7B]
	(No symbol) [0x00007FF7A82AA095]
	(No symbol) [0x00007FF7A829C271]
	(No symbol) [0x00007FF7A82CCA6A]
	(No symbol) [0x00007FF7A829BBB6]
	(No symbol) [0x00007FF7A82CCC80]
	(No symbol) [0x00007FF7A82EB041]
	(No symbol) [0x00007FF7A82CC813]
	(No symbol) [0x00007FF7A829A6E5]
	(No symbol) [0x00007FF7A829B021]
	GetHandleVerifier [0x00007FF7A84DF83D+1301229]
	GetHandleVerifier [0x00007FF7A84EBDB7+1351783]
	GetHandleVerifier [0x00007FF7A84E2A03+1313971]
	GetHandleVerifier [0x00007FF7A83DDD06+245686]
	(No symbol) [0x00007FF7A836758F]
	(No symbol) [0x00007FF7A8363804]
	(No symbol) [0x00007FF7A8363992]
	(No symbol) [0x00007FF7A835A3EF]
	BaseThreadInitThunk [0x00007FFEB4C2257D+29]
	RtlUserThreadStart [0x00007FFEB644AF28+40]</status>
</kw>
<kw name="Sleep" owner="BuiltIn">
<arg>1s</arg>
<doc>Pauses the test executed for the given time.</doc>
<status status="NOT RUN" start="2024-08-01T11:12:39.232499" elapsed="0.001518"/>
</kw>
<arg>//*[@aria-label="ระบบจัดการข้อมูลสินค้า"]</arg>
<status status="FAIL" start="2024-08-01T11:12:37.511459" elapsed="1.722558">ElementClickInterceptedException: Message: element click intercepted: Element &lt;a class="relative inline-flex items-center tap-highlight-transparent outline-none data-[focus-visible=true]:z-10 data-[focus-visible=true]:outline-2 data-[focus-visible=true]:outline-focus data-[focus-visible=true]:outline-offset-2 no-underline hover:opacity-80 active:opacity-disabled transition-opacity text-xs line-clamp-1 text-primary" aria-label="ระบบจัดการข้อมูลสินค้า" role="link" href="https://web-article-master-uat.dohome.technology/?i=0bed88eee2fa50a38ecf6023ae2a829595acaf0f08aa0eac8756a39dc0184578CL7rreEiOKOg1DHLKFylEoQukBJIklen36/tTJqePV3mm9Wyb8Y+FVeGW3FgH8UNEffj9MWNxuijWiMvp2zOqTKdVDdIFf/UQdoyJ3Aam0fziBrsIBo/D9q5eWnJWa9jhkvEI9cnqVt067icMeTbJdCaeN0suSsBiq5uODvcG36tJ/9gYD8Q2NpbtjMBGK3VLmURf7EYKp+O5BPd3WdZ5zYSFom+P/Xo17vRInIhr+oxkam86S/t4x1wdcJN+cUUDbsiX+DPUlsHvOFGJM3wS9jHF20oIITw+c/XROXYPDR4wIan6xfEJ4eeRDBvW1KA5G7NjN/HLejV3aV5vFzVr7ZcHB1uGoewTXYaNRw9owYwhPXLuiWuml2oOAwNhR+34NZouAXTOc1cmytF97wLRzfb/wgwxiqFG2Uf76+naHg5DfYR0IEdSaiBtJiH/Lnd" target="_blank" tabindex="0"&gt;...&lt;/a&gt; is not clickable at point (943, 872). Other element would receive the click: &lt;div class="flex w-screen h-[100dvh] fixed inset-0 z-50 overflow-x-auto justify-center [--scale-enter:100%] [--scale-exit:100%] [--slide-enter:0px] [--slide-exit:80px] sm:[--scale-enter:100%] sm:[--scale-exit:103%] sm:[--slide-enter:0px] sm:[--slide-exit:0px] items-end sm:items-center" style="opacity: 1; transform: translateY(0px) scale(1.00162) translateZ(0px);"&gt;...&lt;/div&gt;
    [ Message content over the limit has been removed. ]
	(No symbol) [0x00007FF7A82AAE7B]
	(No symbol) [0x00007FF7A82AA095]
	(No symbol) [0x00007FF7A829C271]
	(No symbol) [0x00007FF7A82CCA6A]
	(No symbol) [0x00007FF7A829BBB6]
	(No symbol) [0x00007FF7A82CCC80]
	(No symbol) [0x00007FF7A82EB041]
	(No symbol) [0x00007FF7A82CC813]
	(No symbol) [0x00007FF7A829A6E5]
	(No symbol) [0x00007FF7A829B021]
	GetHandleVerifier [0x00007FF7A84DF83D+1301229]
	GetHandleVerifier [0x00007FF7A84EBDB7+1351783]
	GetHandleVerifier [0x00007FF7A84E2A03+1313971]
	GetHandleVerifier [0x00007FF7A83DDD06+245686]
	(No symbol) [0x00007FF7A836758F]
	(No symbol) [0x00007FF7A8363804]
	(No symbol) [0x00007FF7A8363992]
	(No symbol) [0x00007FF7A835A3EF]
	BaseThreadInitThunk [0x00007FFEB4C2257D+29]
	RtlUserThreadStart [0x00007FFEB644AF28+40]</status>
</kw>
<kw name="Click Element with Delay" owner="common_art">
<kw name="Click Element" owner="SeleniumLibrary">
<msg time="2024-08-01T11:12:41.234529" level="INFO">Clicking element '//*[@aria-label="ระบบจัดการข้อมูลสินค้า"]'.</msg>
<arg>${locator}</arg>
<doc>Click the element identified by ``locator``.</doc>
<status status="PASS" start="2024-08-01T11:12:41.234529" elapsed="0.089731"/>
</kw>
<kw name="Sleep" owner="BuiltIn">
<msg time="2024-08-01T11:12:42.325732" level="INFO">Slept 1 second.</msg>
<arg>1s</arg>
<doc>Pauses the test executed for the given time.</doc>
<status status="PASS" start="2024-08-01T11:12:41.324260" elapsed="1.001472"/>
</kw>
<arg>//*[@aria-label="ระบบจัดการข้อมูลสินค้า"]</arg>
<status status="PASS" start="2024-08-01T11:12:41.234529" elapsed="1.091203"/>
</kw>
<arg>5x</arg>
<arg>2s</arg>
<arg>Click Element with Delay</arg>
<arg>//*[@aria-label="ระบบจัดการข้อมูลสินค้า"]</arg>
<doc>Runs the specified keyword and retries if it fails.</doc>
<status status="PASS" start="2024-08-01T11:12:37.510447" elapsed="4.815285"/>
</kw>
<kw name="Wait Until Keyword Succeeds" owner="BuiltIn">
<kw name="Switch Window" owner="SeleniumLibrary">
<arg>New</arg>
<doc>Switches to browser window matching ``locator``.</doc>
<status status="PASS" start="2024-08-01T11:12:42.326735" elapsed="0.006881"/>
</kw>
<arg>5x</arg>
<arg>2s</arg>
<arg>Switch Window</arg>
<arg>New</arg>
<doc>Runs the specified keyword and retries if it fails.</doc>
<status status="PASS" start="2024-08-01T11:12:42.325732" elapsed="0.007884"/>
</kw>
<kw name="Wait Until Keyword Succeeds" owner="BuiltIn">
<kw name="Wait Until Element Is Visible" owner="SeleniumLibrary">
<msg time="2024-08-01T11:12:50.714052" level="INFO" html="true">&lt;/td&gt;&lt;/tr&gt;&lt;tr&gt;&lt;td colspan="3"&gt;&lt;a href="selenium-screenshot-123.png"&gt;&lt;img src="selenium-screenshot-123.png" width="800px"&gt;&lt;/a&gt;</msg>
<msg time="2024-08-01T11:12:50.715050" level="FAIL">Element '//h3[text()="Article Master"]' not visible after 5 seconds.</msg>
<arg>//h3[text()="Article Master"]</arg>
<doc>Waits until the element ``locator`` is visible.</doc>
<status status="FAIL" start="2024-08-01T11:12:42.333616" elapsed="8.383434">Element '//h3[text()="Article Master"]' not visible after 5 seconds.</status>
</kw>
<kw name="Wait Until Element Is Visible" owner="SeleniumLibrary">
<arg>//h3[text()="Article Master"]</arg>
<doc>Waits until the element ``locator`` is visible.</doc>
<status status="PASS" start="2024-08-01T11:12:52.717199" elapsed="0.025164"/>
</kw>
<arg>5x</arg>
<arg>2s</arg>
<arg>Wait Until Element Is Visible</arg>
<arg>//h3[text()="Article Master"]</arg>
<doc>Runs the specified keyword and retries if it fails.</doc>
